{"level":"info","message":"user-service is running on port: 3001","service":"user-service","timestamp":"2025-04-06T08:00:05.273Z"}
{"errorLabelSet":{},"level":"error","message":"Could not connect to any servers in your MongoDB Atlas cluster. One common reason is that you're trying to access the database from an IP that isn't whitelisted. Make sure your current IP address is on your Atlas cluster's IP whitelist: https://www.mongodb.com/docs/atlas/security-whitelist/","reason":{"commonWireVersion":0,"compatible":true,"heartbeatFrequencyMS":10000,"localThresholdMS":15,"logicalSessionTimeoutMinutes":null,"maxElectionId":null,"maxSetVersion":null,"servers":{"ac-khba4ot-shard-00-00.1fsor8r.mongodb.net:27017":{"$clusterTime":null,"address":"ac-khba4ot-shard-00-00.1fsor8r.mongodb.net:27017","arbiters":[],"electionId":null,"error":{"beforeHandshake":false,"errorLabelSet":{}},"hosts":[],"iscryptd":false,"lastUpdateTime":13986822,"lastWriteDate":0,"logicalSessionTimeoutMinutes":null,"maxBsonObjectSize":null,"maxMessageSizeBytes":null,"maxWireVersion":0,"maxWriteBatchSize":null,"me":null,"minRoundTripTime":0,"minWireVersion":0,"passives":[],"primary":null,"roundTripTime":-1,"setName":null,"setVersion":null,"tags":{},"topologyVersion":null,"type":"Unknown"},"ac-khba4ot-shard-00-01.1fsor8r.mongodb.net:27017":{"$clusterTime":null,"address":"ac-khba4ot-shard-00-01.1fsor8r.mongodb.net:27017","arbiters":[],"electionId":null,"error":{"beforeHandshake":false,"errorLabelSet":{}},"hosts":[],"iscryptd":false,"lastUpdateTime":13986618,"lastWriteDate":0,"logicalSessionTimeoutMinutes":null,"maxBsonObjectSize":null,"maxMessageSizeBytes":null,"maxWireVersion":0,"maxWriteBatchSize":null,"me":null,"minRoundTripTime":0,"minWireVersion":0,"passives":[],"primary":null,"roundTripTime":-1,"setName":null,"setVersion":null,"tags":{},"topologyVersion":null,"type":"Unknown"},"ac-khba4ot-shard-00-02.1fsor8r.mongodb.net:27017":{"$clusterTime":null,"address":"ac-khba4ot-shard-00-02.1fsor8r.mongodb.net:27017","arbiters":[],"electionId":null,"error":{"beforeHandshake":false,"errorLabelSet":{}},"hosts":[],"iscryptd":false,"lastUpdateTime":13986510,"lastWriteDate":0,"logicalSessionTimeoutMinutes":null,"maxBsonObjectSize":null,"maxMessageSizeBytes":null,"maxWireVersion":0,"maxWriteBatchSize":null,"me":null,"minRoundTripTime":0,"minWireVersion":0,"passives":[],"primary":null,"roundTripTime":-1,"setName":null,"setVersion":null,"tags":{},"topologyVersion":null,"type":"Unknown"}},"setName":"atlas-dnttwh-shard-0","stale":false,"type":"ReplicaSetNoPrimary"},"service":"user-service","stack":"MongooseServerSelectionError: Could not connect to any servers in your MongoDB Atlas cluster. One common reason is that you're trying to access the database from an IP that isn't whitelisted. Make sure your current IP address is on your Atlas cluster's IP whitelist: https://www.mongodb.com/docs/atlas/security-whitelist/\n    at _handleConnectionErrors (C:\\Users\\PMLS\\OneDrive\\Desktop\\harof-BE\\services\\user-service\\node_modules\\mongoose\\lib\\connection.js:1165:11)\n    at NativeConnection.openUri (C:\\Users\\PMLS\\OneDrive\\Desktop\\harof-BE\\services\\user-service\\node_modules\\mongoose\\lib\\connection.js:1096:11)","timestamp":"2025-04-06T08:00:35.420Z"}
{"level":"info","message":"user-service is running on port: 3001","service":"user-service","timestamp":"2025-04-06T08:05:53.996Z"}
{"level":"info","message":"mongo db is connected","service":"user-service","timestamp":"2025-04-06T08:05:56.061Z"}
{"level":"info","message":"user-service is running on port: 3001","service":"user-service","timestamp":"2025-04-17T10:37:28.579Z"}
{"level":"info","message":"mongo db is connected","service":"user-service","timestamp":"2025-04-17T10:37:30.301Z"}
{"level":"info","message":" Received POST request to /api/v1/auth/register ","service":"user-service","timestamp":"2025-04-17T10:49:32.237Z"}
{"level":"info","message":" Received POST request to /api/v1/auth/register ","service":"user-service","timestamp":"2025-04-17T10:52:21.342Z"}
{"level":"info","message":"user-service is running on port: 3001","service":"user-service","timestamp":"2025-04-17T10:52:43.564Z"}
{"level":"info","message":"mongo db is connected","service":"user-service","timestamp":"2025-04-17T10:52:46.271Z"}
{"level":"info","message":" Received POST request to /api/v1/auth/register ","service":"user-service","timestamp":"2025-04-17T10:52:48.667Z"}
{"level":"info","message":"user-service is running on port: 3001","service":"user-service","timestamp":"2025-04-17T10:53:36.772Z"}
{"level":"info","message":"mongo db is connected","service":"user-service","timestamp":"2025-04-17T10:53:38.380Z"}
{"level":"info","message":" Received POST request to /api/v1/auth/register ","service":"user-service","timestamp":"2025-04-17T10:53:40.528Z"}
{"level":"info","message":"user-service is running on port: 3001","service":"user-service","timestamp":"2025-04-17T10:54:46.682Z"}
{"level":"info","message":"user-service is running on port: 3001","service":"user-service","timestamp":"2025-04-17T10:54:48.726Z"}
{"level":"info","message":"user-service is running on port: 3001","service":"user-service","timestamp":"2025-04-17T10:54:50.441Z"}
{"level":"info","message":"mongo db is connected","service":"user-service","timestamp":"2025-04-17T10:54:51.592Z"}
{"level":"info","message":" Received POST request to /api/v1/auth/register ","service":"user-service","timestamp":"2025-04-17T10:54:56.210Z"}
{"level":"info","message":"Registration Endpoint is hitting","service":"user-service","timestamp":"2025-04-17T10:54:56.213Z"}
{"0":"P","1":"l","10":"v","11":"i","12":"d","13":"e","14":" ","15":"a","16":" ","17":"v","18":"a","19":"l","2":"e","20":"i","21":"d","22":" ","23":"e","24":"m","25":"a","26":"i","27":"l","28":" ","29":"a","3":"a","30":"d","31":"d","32":"r","33":"e","34":"s","35":"s","36":".","4":"s","5":"e","6":" ","7":"p","8":"r","9":"o","level":"warn","message":"Validation error","service":"user-service","timestamp":"2025-04-17T10:54:56.231Z"}
{"level":"info","message":" Received POST request to /api/v1/auth/register ","service":"user-service","timestamp":"2025-04-17T10:55:07.684Z"}
{"level":"info","message":"Registration Endpoint is hitting","service":"user-service","timestamp":"2025-04-17T10:55:07.685Z"}
{"0":"P","1":"l","10":"v","11":"i","12":"d","13":"e","14":" ","15":"a","16":" ","17":"v","18":"a","19":"l","2":"e","20":"i","21":"d","22":" ","23":"e","24":"m","25":"a","26":"i","27":"l","28":" ","29":"a","3":"a","30":"d","31":"d","32":"r","33":"e","34":"s","35":"s","36":".","4":"s","5":"e","6":" ","7":"p","8":"r","9":"o","level":"warn","message":"Validation error","service":"user-service","timestamp":"2025-04-17T10:55:07.687Z"}
{"level":"info","message":" Received POST request to /api/v1/auth/register ","service":"user-service","timestamp":"2025-04-17T10:55:17.307Z"}
{"level":"info","message":"Registration Endpoint is hitting","service":"user-service","timestamp":"2025-04-17T10:55:17.309Z"}
{"0":"P","1":"a","10":"u","11":"s","12":"t","13":" ","14":"b","15":"e","16":" ","17":"a","18":"t","19":" ","2":"s","20":"l","21":"e","22":"a","23":"s","24":"t","25":" ","26":"6","27":" ","28":"c","29":"h","3":"s","30":"a","31":"r","32":"a","33":"c","34":"t","35":"e","36":"r","37":"s","38":" ","39":"l","4":"w","40":"o","41":"n","42":"g","43":".","5":"o","6":"r","7":"d","8":" ","9":"m","level":"warn","message":"Validation error","service":"user-service","timestamp":"2025-04-17T10:55:17.310Z"}
{"level":"info","message":" Received POST request to /api/v1/auth/register ","service":"user-service","timestamp":"2025-04-17T10:55:27.625Z"}
{"level":"info","message":"Registration Endpoint is hitting","service":"user-service","timestamp":"2025-04-17T10:55:27.626Z"}
{"level":"error","message":"Error during registration Cannot read properties of undefined (reading 'isModified')","service":"user-service","stack":"TypeError: Cannot read properties of undefined (reading 'isModified')\n    at model.<anonymous> (file:///C:/Users/PMLS/OneDrive/Desktop/harof-BE/services/user-service/src/models/userModel.js:33:14)\n    at callMiddlewareFunction (C:\\Users\\PMLS\\OneDrive\\Desktop\\harof-BE\\services\\user-service\\node_modules\\kareem\\index.js:628:27)\n    at model.next (C:\\Users\\PMLS\\OneDrive\\Desktop\\harof-BE\\services\\user-service\\node_modules\\kareem\\index.js:93:7)\n    at _next (C:\\Users\\PMLS\\OneDrive\\Desktop\\harof-BE\\services\\user-service\\node_modules\\kareem\\index.js:146:10)\n    at C:\\Users\\PMLS\\OneDrive\\Desktop\\harof-BE\\services\\user-service\\node_modules\\kareem\\index.js:653:30\n    at process.processTicksAndRejections (node:internal/process/task_queues:77:11)","timestamp":"2025-04-17T10:55:27.793Z"}
{"level":"info","message":"user-service is running on port: 3001","service":"user-service","timestamp":"2025-04-17T10:58:05.053Z"}
{"level":"info","message":"mongo db is connected","service":"user-service","timestamp":"2025-04-17T10:58:07.138Z"}
{"level":"info","message":"user-service is running on port: 3001","service":"user-service","timestamp":"2025-04-17T10:59:45.030Z"}
{"level":"info","message":"mongo db is connected","service":"user-service","timestamp":"2025-04-17T10:59:46.522Z"}
{"level":"info","message":"user-service is running on port: 3001","service":"user-service","timestamp":"2025-04-17T11:00:25.558Z"}
{"level":"info","message":"user-service is running on port: 3001","service":"user-service","timestamp":"2025-04-17T11:00:27.145Z"}
{"level":"info","message":"mongo db is connected","service":"user-service","timestamp":"2025-04-17T11:00:28.353Z"}
{"level":"info","message":"user-service is running on port: 3001","service":"user-service","timestamp":"2025-04-17T11:01:25.771Z"}
{"level":"info","message":"mongo db is connected","service":"user-service","timestamp":"2025-04-17T11:01:27.230Z"}
{"level":"info","message":" Received POST request to /api/v1/auth/register ","service":"user-service","timestamp":"2025-04-17T11:01:32.182Z"}
{"level":"info","message":"Registration Endpoint is hitting","service":"user-service","timestamp":"2025-04-17T11:01:32.185Z"}
{"buffer":{"data":[104,0,223,140,58,172,97,241,2,229,27,250],"type":"Buffer"},"level":"warn","message":"user created successfully","service":"user-service","timestamp":"2025-04-17T11:01:32.643Z"}
{"0":"r","1":"e","2":"a","3":"s","4":"o","5":"n","6":":","level":"error","message":"Unhandle Rejection at:","service":"user-service","timestamp":"2025-04-17T11:01:32.717Z"}
{"level":"info","message":"user-service is running on port: 3001","service":"user-service","timestamp":"2025-04-17T11:04:41.397Z"}
{"level":"info","message":"user-service is running on port: 3001","service":"user-service","timestamp":"2025-04-17T11:04:42.604Z"}
{"level":"info","message":"mongo db is connected","service":"user-service","timestamp":"2025-04-17T11:04:43.923Z"}
{"level":"info","message":" Received POST request to /api/v1/auth/register ","service":"user-service","timestamp":"2025-04-17T11:04:49.198Z"}
{"level":"info","message":"Registration Endpoint is hitting","service":"user-service","timestamp":"2025-04-17T11:04:49.200Z"}
{"level":"error","message":"Error during registration Cannot read properties of undefined (reading 'details')","service":"user-service","stack":"TypeError: Cannot read properties of undefined (reading 'details')\n    at userRegistration (file:///C:/Users/PMLS/OneDrive/Desktop/harof-BE/services/user-service/src/controllers/authController.js:27:49)\n    at process.processTicksAndRejections (node:internal/process/task_queues:95:5)","timestamp":"2025-04-17T11:04:49.354Z"}
{"level":"info","message":" Received POST request to /api/v1/auth/register ","service":"user-service","timestamp":"2025-04-17T11:06:18.608Z"}
{"level":"info","message":"Registration Endpoint is hitting","service":"user-service","timestamp":"2025-04-17T11:06:18.610Z"}
{"level":"error","message":"Error during registration Cannot read properties of undefined (reading 'details')","service":"user-service","stack":"TypeError: Cannot read properties of undefined (reading 'details')\n    at userRegistration (file:///C:/Users/PMLS/OneDrive/Desktop/harof-BE/services/user-service/src/controllers/authController.js:27:49)\n    at process.processTicksAndRejections (node:internal/process/task_queues:95:5)","timestamp":"2025-04-17T11:06:18.751Z"}
{"level":"info","message":"user-service is running on port: 3001","service":"user-service","timestamp":"2025-04-17T11:08:34.991Z"}
{"level":"info","message":"mongo db is connected","service":"user-service","timestamp":"2025-04-17T11:08:37.409Z"}
{"level":"info","message":"user-service is running on port: 3001","service":"user-service","timestamp":"2025-04-17T11:09:02.293Z"}
{"level":"info","message":"mongo db is connected","service":"user-service","timestamp":"2025-04-17T11:09:04.082Z"}
{"level":"info","message":" Received POST request to /api/v1/auth/register ","service":"user-service","timestamp":"2025-04-17T11:09:17.653Z"}
{"level":"info","message":"Registration Endpoint is hitting","service":"user-service","timestamp":"2025-04-17T11:09:17.657Z"}
{"email":"test123@gmail.com","level":"warn","message":"User already exists","service":"user-service","timestamp":"2025-04-17T11:09:17.799Z"}
{"level":"info","message":" Received POST request to /api/v1/auth/register ","service":"user-service","timestamp":"2025-04-17T11:09:54.515Z"}
{"level":"info","message":"Registration Endpoint is hitting","service":"user-service","timestamp":"2025-04-17T11:09:54.517Z"}
{"buffer":{"data":[104,0,225,130,167,94,217,86,74,243,208,196],"type":"Buffer"},"level":"warn","message":"user created successfully","service":"user-service","timestamp":"2025-04-17T11:09:54.916Z"}
{"level":"info","message":"hit the generateToken function","service":"user-service","timestamp":"2025-04-17T11:09:54.917Z"}
{"0":"r","1":"e","2":"a","3":"s","4":"o","5":"n","6":":","level":"error","message":"Unhandle Rejection at:","service":"user-service","timestamp":"2025-04-17T11:09:54.983Z"}
{"level":"info","message":"user-service is running on port: 3001","service":"user-service","timestamp":"2025-04-17T11:13:20.783Z"}
{"level":"info","message":"mongo db is connected","service":"user-service","timestamp":"2025-04-17T11:13:22.922Z"}
{"level":"info","message":"user-service is running on port: 3001","service":"user-service","timestamp":"2025-04-17T11:13:32.835Z"}
{"level":"info","message":"mongo db is connected","service":"user-service","timestamp":"2025-04-17T11:13:34.671Z"}
{"level":"info","message":"user-service is running on port: 3001","service":"user-service","timestamp":"2025-04-17T11:13:52.428Z"}
{"level":"info","message":"mongo db is connected","service":"user-service","timestamp":"2025-04-17T11:13:54.026Z"}
{"level":"info","message":"user-service is running on port: 3001","service":"user-service","timestamp":"2025-04-17T11:13:59.752Z"}
{"level":"info","message":"user-service is running on port: 3001","service":"user-service","timestamp":"2025-04-17T11:14:02.166Z"}
{"level":"info","message":"mongo db is connected","service":"user-service","timestamp":"2025-04-17T11:14:03.620Z"}
{"level":"info","message":"user-service is running on port: 3001","service":"user-service","timestamp":"2025-04-17T11:14:09.715Z"}
{"level":"info","message":"user-service is running on port: 3001","service":"user-service","timestamp":"2025-04-17T11:14:10.998Z"}
{"level":"info","message":"mongo db is connected","service":"user-service","timestamp":"2025-04-17T11:14:12.137Z"}
{"level":"info","message":"user-service is running on port: 3001","service":"user-service","timestamp":"2025-04-17T11:15:14.745Z"}
{"level":"info","message":"mongo db is connected","service":"user-service","timestamp":"2025-04-17T11:15:16.561Z"}
{"level":"info","message":" Received POST request to /api/v1/auth/register ","service":"user-service","timestamp":"2025-04-17T11:15:27.061Z"}
{"level":"info","message":"Registration Endpoint is hitting","service":"user-service","timestamp":"2025-04-17T11:15:27.063Z"}
{"buffer":{"data":[104,0,226,207,214,25,108,144,143,114,88,114],"type":"Buffer"},"level":"warn","message":"user created successfully","service":"user-service","timestamp":"2025-04-17T11:15:27.616Z"}
{"level":"info","message":"hit the generateToken function","service":"user-service","timestamp":"2025-04-17T11:15:27.617Z"}
{"level":"info","message":"user-service is running on port: 3001","service":"user-service","timestamp":"2025-04-17T11:16:11.540Z"}
{"level":"info","message":"user-service is running on port: 3001","service":"user-service","timestamp":"2025-04-17T11:16:13.295Z"}
{"level":"info","message":"mongo db is connected","service":"user-service","timestamp":"2025-04-17T11:16:14.924Z"}
{"level":"info","message":"user-service is running on port: 3001","service":"user-service","timestamp":"2025-04-17T11:16:16.916Z"}
{"level":"info","message":"mongo db is connected","service":"user-service","timestamp":"2025-04-17T11:16:18.485Z"}
{"level":"info","message":"user-service is running on port: 3001","service":"user-service","timestamp":"2025-04-17T11:16:20.142Z"}
{"level":"info","message":"user-service is running on port: 3001","service":"user-service","timestamp":"2025-04-17T11:16:21.201Z"}
{"level":"info","message":"mongo db is connected","service":"user-service","timestamp":"2025-04-17T11:16:22.338Z"}
{"level":"info","message":"user-service is running on port: 3001","service":"user-service","timestamp":"2025-04-17T11:16:24.010Z"}
{"level":"info","message":"user-service is running on port: 3001","service":"user-service","timestamp":"2025-04-17T11:16:25.589Z"}
{"level":"info","message":"mongo db is connected","service":"user-service","timestamp":"2025-04-17T11:16:27.320Z"}
{"level":"info","message":"user-service is running on port: 3001","service":"user-service","timestamp":"2025-04-17T11:16:30.105Z"}
{"level":"info","message":"mongo db is connected","service":"user-service","timestamp":"2025-04-17T11:16:31.526Z"}
{"level":"info","message":"user-service is running on port: 3001","service":"user-service","timestamp":"2025-04-17T11:18:53.011Z"}
{"level":"info","message":"user-service is running on port: 3001","service":"user-service","timestamp":"2025-04-17T11:18:54.404Z"}
{"level":"info","message":"mongo db is connected","service":"user-service","timestamp":"2025-04-17T11:18:55.868Z"}
{"level":"info","message":"user-service is running on port: 3001","service":"user-service","timestamp":"2025-04-17T11:20:22.351Z"}
{"level":"info","message":"mongo db is connected","service":"user-service","timestamp":"2025-04-17T11:20:24.475Z"}
{"level":"info","message":"user-service is running on port: 3001","service":"user-service","timestamp":"2025-04-17T11:20:25.242Z"}
{"level":"info","message":"mongo db is connected","service":"user-service","timestamp":"2025-04-17T11:20:26.781Z"}
{"level":"info","message":"user-service is running on port: 3001","service":"user-service","timestamp":"2025-04-17T11:20:33.541Z"}
{"level":"info","message":"mongo db is connected","service":"user-service","timestamp":"2025-04-17T11:20:35.233Z"}
{"level":"info","message":"user-service is running on port: 3001","service":"user-service","timestamp":"2025-04-17T11:22:07.928Z"}
{"level":"info","message":"mongo db is connected","service":"user-service","timestamp":"2025-04-17T11:22:09.864Z"}
{"level":"info","message":"user-service is running on port: 3001","service":"user-service","timestamp":"2025-04-17T11:22:16.519Z"}
{"level":"info","message":"user-service is running on port: 3001","service":"user-service","timestamp":"2025-04-17T11:22:17.810Z"}
{"level":"info","message":"mongo db is connected","service":"user-service","timestamp":"2025-04-17T11:22:19.477Z"}
{"level":"info","message":"user-service is running on port: 3001","service":"user-service","timestamp":"2025-04-17T11:22:30.028Z"}
{"level":"info","message":"user-service is running on port: 3001","service":"user-service","timestamp":"2025-04-17T11:22:31.478Z"}
{"level":"info","message":"mongo db is connected","service":"user-service","timestamp":"2025-04-17T11:22:32.584Z"}
{"level":"info","message":" Received POST request to /api/v1/auth/register ","service":"user-service","timestamp":"2025-04-17T11:22:43.873Z"}
{"level":"info","message":"Registration Endpoint is hitting","service":"user-service","timestamp":"2025-04-17T11:22:43.876Z"}
{"buffer":{"data":[104,0,228,132,21,248,99,83,34,190,85,28],"type":"Buffer"},"level":"warn","message":"user created successfully","service":"user-service","timestamp":"2025-04-17T11:22:44.355Z"}
{"level":"info","message":"hit the generateToken function","service":"user-service","timestamp":"2025-04-17T11:22:44.356Z"}
{"level":"info","message":"user-service is running on port: 3001","service":"user-service","timestamp":"2025-04-17T11:26:01.193Z"}
{"level":"info","message":"user-service is running on port: 3001","service":"user-service","timestamp":"2025-04-17T11:26:02.518Z"}
{"level":"info","message":"mongo db is connected","service":"user-service","timestamp":"2025-04-17T11:26:04.348Z"}
{"level":"info","message":" Received POST request to /api/v1/auth/register ","service":"user-service","timestamp":"2025-04-17T11:26:14.546Z"}
{"level":"info","message":"Registration Endpoint is hitting","service":"user-service","timestamp":"2025-04-17T11:26:14.548Z"}
{"buffer":{"data":[104,0,229,86,89,188,22,193,125,130,30,149],"type":"Buffer"},"level":"warn","message":"user created successfully","service":"user-service","timestamp":"2025-04-17T11:26:14.995Z"}
{"level":"info","message":"hit the generateToken function","service":"user-service","timestamp":"2025-04-17T11:26:14.996Z"}
{"level":"info","message":"user-service is running on port: 3001","service":"user-service","timestamp":"2025-04-17T11:26:31.014Z"}
{"level":"info","message":"mongo db is connected","service":"user-service","timestamp":"2025-04-17T11:26:32.659Z"}
{"level":"info","message":"user-service is running on port: 3001","service":"user-service","timestamp":"2025-04-17T11:26:34.871Z"}
{"level":"info","message":"mongo db is connected","service":"user-service","timestamp":"2025-04-17T11:26:36.499Z"}
{"level":"info","message":"user-service is running on port: 3001","service":"user-service","timestamp":"2025-04-17T11:26:38.671Z"}
{"level":"info","message":"mongo db is connected","service":"user-service","timestamp":"2025-04-17T11:26:40.291Z"}
{"level":"info","message":"user-service is running on port: 3001","service":"user-service","timestamp":"2025-04-17T11:26:41.516Z"}
{"level":"info","message":"user-service is running on port: 3001","service":"user-service","timestamp":"2025-04-17T11:26:42.580Z"}
{"level":"info","message":"mongo db is connected","service":"user-service","timestamp":"2025-04-17T11:26:43.831Z"}
{"level":"info","message":"user-service is running on port: 3001","service":"user-service","timestamp":"2025-04-17T11:29:35.024Z"}
{"level":"info","message":"user-service is running on port: 3001","service":"user-service","timestamp":"2025-04-17T11:29:36.284Z"}
{"level":"info","message":"mongo db is connected","service":"user-service","timestamp":"2025-04-17T11:29:39.369Z"}
{"level":"info","message":"user-service is running on port: 3001","service":"user-service","timestamp":"2025-04-17T11:30:12.568Z"}
{"level":"info","message":"user-service is running on port: 3001","service":"user-service","timestamp":"2025-04-17T11:30:13.419Z"}
{"level":"info","message":"mongo db is connected","service":"user-service","timestamp":"2025-04-17T11:30:14.916Z"}
