{"level":"info","message":"Book-service is running on port: 3002","service":"book-service","timestamp":"2025-04-25T07:04:40.314Z"}
{"level":"info","message":"DB connected successfully","service":"book-service","timestamp":"2025-04-25T07:04:42.398Z"}
{"level":"info","message":"Book-service is running on port: 3002","service":"book-service","timestamp":"2025-04-25T07:49:15.962Z"}
{"level":"info","message":"DB connected successfully","service":"book-service","timestamp":"2025-04-25T07:49:18.291Z"}
{"level":"info","message":"Book-service is running on port: 3002","service":"book-service","timestamp":"2025-04-25T07:53:54.573Z"}
{"level":"info","message":"DB connected successfully","service":"book-service","timestamp":"2025-04-25T07:53:56.460Z"}
{"level":"info","message":"Book-service is running on port: 3002","service":"book-service","timestamp":"2025-04-25T07:53:57.323Z"}
{"level":"info","message":"DB connected successfully","service":"book-service","timestamp":"2025-04-25T07:53:58.539Z"}
{"level":"info","message":"Book-service is running on port: 3002","service":"book-service","timestamp":"2025-04-25T08:12:39.759Z"}
{"level":"info","message":"Book-service is running on port: 3002","service":"book-service","timestamp":"2025-04-25T08:12:40.706Z"}
{"level":"info","message":"DB connected successfully","service":"book-service","timestamp":"2025-04-25T08:12:41.937Z"}
{"level":"info","message":"Book-service is running on port: 3002","service":"book-service","timestamp":"2025-04-25T08:12:57.250Z"}
{"level":"info","message":"Book-service is running on port: 3002","service":"book-service","timestamp":"2025-04-25T08:12:58.367Z"}
{"level":"info","message":"DB connected successfully","service":"book-service","timestamp":"2025-04-25T08:12:59.801Z"}
{"level":"info","message":"Book-service is running on port: 3002","service":"book-service","timestamp":"2025-04-25T08:13:03.063Z"}
{"level":"info","message":"Book-service is running on port: 3002","service":"book-service","timestamp":"2025-04-25T08:13:04.038Z"}
{"level":"info","message":"DB connected successfully","service":"book-service","timestamp":"2025-04-25T08:13:05.401Z"}
{"level":"info","message":"Book-service is running on port: 3002","service":"book-service","timestamp":"2025-04-25T08:13:12.519Z"}
{"level":"info","message":"DB connected successfully","service":"book-service","timestamp":"2025-04-25T08:13:14.159Z"}
{"level":"info","message":"Book-service is running on port: 3002","service":"book-service","timestamp":"2025-04-25T08:13:16.166Z"}
{"level":"info","message":"DB connected successfully","service":"book-service","timestamp":"2025-04-25T08:13:17.660Z"}
{"level":"info","message":"Book-service is running on port: 3002","service":"book-service","timestamp":"2025-04-25T08:14:42.205Z"}
{"level":"info","message":"DB connected successfully","service":"book-service","timestamp":"2025-04-25T08:14:44.063Z"}
{"level":"info","message":" Received POST request to /api/books/create-book ","service":"book-service","timestamp":"2025-04-25T08:22:57.905Z"}
{"level":"info","message":"Create Book endpoint is hitting","service":"book-service","timestamp":"2025-04-25T08:22:57.907Z"}
{"0":"\"","1":"a","10":"s","11":" ","12":"n","13":"o","14":"t","15":" ","16":"a","17":"l","18":"l","19":"o","2":"u","20":"w","21":"e","22":"d","3":"t","4":"h","5":"o","6":"r","7":"\"","8":" ","9":"i","level":"warn","message":"Validation error","service":"book-service","timestamp":"2025-04-25T08:22:58.004Z"}
{"level":"info","message":"Book-service is running on port: 3002","service":"book-service","timestamp":"2025-04-25T08:24:07.073Z"}
{"level":"info","message":"Book-service is running on port: 3002","service":"book-service","timestamp":"2025-04-25T08:24:08.785Z"}
{"level":"info","message":"DB connected successfully","service":"book-service","timestamp":"2025-04-25T08:24:10.011Z"}
{"level":"info","message":" Received POST request to /api/books/create-book ","service":"book-service","timestamp":"2025-04-25T08:24:14.980Z"}
{"level":"info","message":"Create Book endpoint is hitting","service":"book-service","timestamp":"2025-04-25T08:24:14.981Z"}
{"0":"\"","1":"a","10":"s","11":" ","12":"n","13":"o","14":"t","15":" ","16":"a","17":"l","18":"l","19":"o","2":"u","20":"w","21":"e","22":"d","3":"t","4":"h","5":"o","6":"r","7":"\"","8":" ","9":"i","level":"warn","message":"Validation error","service":"book-service","timestamp":"2025-04-25T08:24:14.994Z"}
{"level":"info","message":" Received POST request to /api/books/create-book ","service":"book-service","timestamp":"2025-04-25T08:27:20.327Z"}
{"level":"info","message":"Create Book endpoint is hitting","service":"book-service","timestamp":"2025-04-25T08:27:20.328Z"}
{"level":"error","message":"Error while creating book Cannot read properties of undefined (reading 'userId')","service":"book-service","stack":"TypeError: Cannot read properties of undefined (reading 'userId')\n    at createBook (file:///C:/Users/PMLS/OneDrive/Desktop/harof-BE/services/book-service/src/controllers/bookController.js:23:31)\n    at Layer.handleRequest (C:\\Users\\PMLS\\OneDrive\\Desktop\\harof-BE\\services\\book-service\\node_modules\\router\\lib\\layer.js:152:17)\n    at next (C:\\Users\\PMLS\\OneDrive\\Desktop\\harof-BE\\services\\book-service\\node_modules\\router\\lib\\route.js:157:13)\n    at Route.dispatch (C:\\Users\\PMLS\\OneDrive\\Desktop\\harof-BE\\services\\book-service\\node_modules\\router\\lib\\route.js:117:3)\n    at handle (C:\\Users\\PMLS\\OneDrive\\Desktop\\harof-BE\\services\\book-service\\node_modules\\router\\index.js:435:11)\n    at Layer.handleRequest (C:\\Users\\PMLS\\OneDrive\\Desktop\\harof-BE\\services\\book-service\\node_modules\\router\\lib\\layer.js:152:17)\n    at C:\\Users\\PMLS\\OneDrive\\Desktop\\harof-BE\\services\\book-service\\node_modules\\router\\index.js:295:15\n    at processParams (C:\\Users\\PMLS\\OneDrive\\Desktop\\harof-BE\\services\\book-service\\node_modules\\router\\index.js:582:12)\n    at next (C:\\Users\\PMLS\\OneDrive\\Desktop\\harof-BE\\services\\book-service\\node_modules\\router\\index.js:291:5)\n    at Function.handle (C:\\Users\\PMLS\\OneDrive\\Desktop\\harof-BE\\services\\book-service\\node_modules\\router\\index.js:186:3)","timestamp":"2025-04-25T08:27:20.331Z"}
{"level":"info","message":"Book-service is running on port: 3002","service":"book-service","timestamp":"2025-04-25T08:27:32.058Z"}
{"level":"info","message":"DB connected successfully","service":"book-service","timestamp":"2025-04-25T08:27:34.324Z"}
{"level":"info","message":"Book-service is running on port: 3002","service":"book-service","timestamp":"2025-04-25T08:28:13.964Z"}
{"level":"info","message":"Book-service is running on port: 3002","service":"book-service","timestamp":"2025-04-25T08:28:15.682Z"}
{"level":"info","message":"DB connected successfully","service":"book-service","timestamp":"2025-04-25T08:28:16.881Z"}
{"level":"info","message":"Book-service is running on port: 3002","service":"book-service","timestamp":"2025-04-25T08:28:18.363Z"}
{"level":"info","message":"DB connected successfully","service":"book-service","timestamp":"2025-04-25T08:28:19.690Z"}
{"level":"info","message":"Book-service is running on port: 3002","service":"book-service","timestamp":"2025-04-25T08:28:21.137Z"}
{"level":"info","message":"DB connected successfully","service":"book-service","timestamp":"2025-04-25T08:28:22.345Z"}
{"level":"info","message":"Book-service is running on port: 3002","service":"book-service","timestamp":"2025-04-25T08:28:23.242Z"}
{"level":"info","message":"DB connected successfully","service":"book-service","timestamp":"2025-04-25T08:28:24.409Z"}
{"level":"info","message":"Book-service is running on port: 3002","service":"book-service","timestamp":"2025-04-25T08:28:26.286Z"}
{"level":"info","message":"DB connected successfully","service":"book-service","timestamp":"2025-04-25T08:28:27.486Z"}
{"level":"info","message":"Book-service is running on port: 3002","service":"book-service","timestamp":"2025-04-25T08:28:32.719Z"}
{"level":"info","message":"Book-service is running on port: 3002","service":"book-service","timestamp":"2025-04-25T08:28:33.986Z"}
{"level":"info","message":"DB connected successfully","service":"book-service","timestamp":"2025-04-25T08:28:35.427Z"}
{"level":"info","message":" Received POST request to /api/books/create-book ","service":"book-service","timestamp":"2025-04-25T08:28:38.749Z"}
{"level":"info","message":"Create Book endpoint is hitting","service":"book-service","timestamp":"2025-04-25T08:28:38.750Z"}
{"level":"error","message":"Error while creating book Cannot read properties of undefined (reading 'userId')","service":"book-service","stack":"TypeError: Cannot read properties of undefined (reading 'userId')\n    at createBook (file:///C:/Users/PMLS/OneDrive/Desktop/harof-BE/services/book-service/src/controllers/bookController.js:25:31)\n    at Layer.handleRequest (C:\\Users\\PMLS\\OneDrive\\Desktop\\harof-BE\\services\\book-service\\node_modules\\router\\lib\\layer.js:152:17)\n    at next (C:\\Users\\PMLS\\OneDrive\\Desktop\\harof-BE\\services\\book-service\\node_modules\\router\\lib\\route.js:157:13)\n    at Route.dispatch (C:\\Users\\PMLS\\OneDrive\\Desktop\\harof-BE\\services\\book-service\\node_modules\\router\\lib\\route.js:117:3)\n    at handle (C:\\Users\\PMLS\\OneDrive\\Desktop\\harof-BE\\services\\book-service\\node_modules\\router\\index.js:435:11)\n    at Layer.handleRequest (C:\\Users\\PMLS\\OneDrive\\Desktop\\harof-BE\\services\\book-service\\node_modules\\router\\lib\\layer.js:152:17)\n    at C:\\Users\\PMLS\\OneDrive\\Desktop\\harof-BE\\services\\book-service\\node_modules\\router\\index.js:295:15\n    at processParams (C:\\Users\\PMLS\\OneDrive\\Desktop\\harof-BE\\services\\book-service\\node_modules\\router\\index.js:582:12)\n    at next (C:\\Users\\PMLS\\OneDrive\\Desktop\\harof-BE\\services\\book-service\\node_modules\\router\\index.js:291:5)\n    at Function.handle (C:\\Users\\PMLS\\OneDrive\\Desktop\\harof-BE\\services\\book-service\\node_modules\\router\\index.js:186:3)","timestamp":"2025-04-25T08:28:38.764Z"}
{"level":"info","message":"Book-service is running on port: 3002","service":"book-service","timestamp":"2025-04-25T08:29:13.012Z"}
{"level":"info","message":"DB connected successfully","service":"book-service","timestamp":"2025-04-25T08:29:14.884Z"}
{"level":"info","message":" Received POST request to /api/books/create-book ","service":"book-service","timestamp":"2025-04-25T08:29:16.821Z"}
{"level":"info","message":"Create Book endpoint is hitting","service":"book-service","timestamp":"2025-04-25T08:29:16.822Z"}
{"level":"error","message":"Error while creating book Cannot read properties of undefined (reading 'userId')","service":"book-service","stack":"TypeError: Cannot read properties of undefined (reading 'userId')\n    at createBook (file:///C:/Users/PMLS/OneDrive/Desktop/harof-BE/services/book-service/src/controllers/bookController.js:25:31)\n    at Layer.handleRequest (C:\\Users\\PMLS\\OneDrive\\Desktop\\harof-BE\\services\\book-service\\node_modules\\router\\lib\\layer.js:152:17)\n    at next (C:\\Users\\PMLS\\OneDrive\\Desktop\\harof-BE\\services\\book-service\\node_modules\\router\\lib\\route.js:157:13)\n    at Route.dispatch (C:\\Users\\PMLS\\OneDrive\\Desktop\\harof-BE\\services\\book-service\\node_modules\\router\\lib\\route.js:117:3)\n    at handle (C:\\Users\\PMLS\\OneDrive\\Desktop\\harof-BE\\services\\book-service\\node_modules\\router\\index.js:435:11)\n    at Layer.handleRequest (C:\\Users\\PMLS\\OneDrive\\Desktop\\harof-BE\\services\\book-service\\node_modules\\router\\lib\\layer.js:152:17)\n    at C:\\Users\\PMLS\\OneDrive\\Desktop\\harof-BE\\services\\book-service\\node_modules\\router\\index.js:295:15\n    at processParams (C:\\Users\\PMLS\\OneDrive\\Desktop\\harof-BE\\services\\book-service\\node_modules\\router\\index.js:582:12)\n    at next (C:\\Users\\PMLS\\OneDrive\\Desktop\\harof-BE\\services\\book-service\\node_modules\\router\\index.js:291:5)\n    at Function.handle (C:\\Users\\PMLS\\OneDrive\\Desktop\\harof-BE\\services\\book-service\\node_modules\\router\\index.js:186:3)","timestamp":"2025-04-25T08:29:16.934Z"}
{"level":"info","message":"Book-service is running on port: 3002","service":"book-service","timestamp":"2025-04-25T08:35:35.663Z"}
{"level":"info","message":"Book-service is running on port: 3002","service":"book-service","timestamp":"2025-04-25T08:35:36.804Z"}
{"level":"info","message":"DB connected successfully","service":"book-service","timestamp":"2025-04-25T08:35:38.314Z"}
{"level":"info","message":" Received POST request to /api/books/create-book ","service":"book-service","timestamp":"2025-04-25T08:35:46.014Z"}
{"level":"info","message":"Create Book endpoint is hitting","service":"book-service","timestamp":"2025-04-25T08:35:46.015Z"}
{"bookId":"680b4962ad99225eb49f7ff9","level":"info","message":"Book created successfully","service":"book-service","timestamp":"2025-04-25T08:35:46.186Z"}
{"level":"info","message":"Book-service is running on port: 3002","service":"book-service","timestamp":"2025-04-25T08:36:33.759Z"}
{"level":"info","message":"DB connected successfully","service":"book-service","timestamp":"2025-04-25T08:36:34.984Z"}
{"level":"info","message":"Book-service is running on port: 3002","service":"book-service","timestamp":"2025-04-25T08:36:38.372Z"}
{"level":"info","message":"DB connected successfully","service":"book-service","timestamp":"2025-04-25T08:36:40.438Z"}
{"level":"info","message":"Book-service is running on port: 3002","service":"book-service","timestamp":"2025-04-27T12:25:53.982Z"}
{"level":"info","message":"DB connected successfully","service":"book-service","timestamp":"2025-04-27T12:25:56.223Z"}
{"level":"info","message":"Book-service is running on port: 3002","service":"book-service","timestamp":"2025-04-27T12:26:04.510Z"}
{"level":"info","message":"Book-service is running on port: 3002","service":"book-service","timestamp":"2025-04-27T12:26:06.791Z"}
{"level":"info","message":"DB connected successfully","service":"book-service","timestamp":"2025-04-27T12:26:08.001Z"}
{"level":"info","message":"Book-service is running on port: 3002","service":"book-service","timestamp":"2025-04-27T12:26:11.277Z"}
{"level":"info","message":"DB connected successfully","service":"book-service","timestamp":"2025-04-27T12:26:12.956Z"}
{"level":"info","message":"Book-service is running on port: 3002","service":"book-service","timestamp":"2025-04-27T12:26:20.287Z"}
{"level":"info","message":"DB connected successfully","service":"book-service","timestamp":"2025-04-27T12:26:22.019Z"}
{"level":"info","message":"Book-service is running on port: 3002","service":"book-service","timestamp":"2025-04-27T12:26:24.904Z"}
{"level":"info","message":"Book-service is running on port: 3002","service":"book-service","timestamp":"2025-04-27T12:26:26.375Z"}
{"level":"info","message":"DB connected successfully","service":"book-service","timestamp":"2025-04-27T12:26:27.572Z"}
{"level":"info","message":"Book-service is running on port: 3002","service":"book-service","timestamp":"2025-04-27T12:26:31.613Z"}
{"level":"info","message":"DB connected successfully","service":"book-service","timestamp":"2025-04-27T12:26:33.070Z"}
{"level":"info","message":"Book-service is running on port: 3002","service":"book-service","timestamp":"2025-04-27T12:27:16.755Z"}
{"level":"info","message":"Book-service is running on port: 3002","service":"book-service","timestamp":"2025-04-27T12:27:19.428Z"}
{"level":"info","message":"DB connected successfully","service":"book-service","timestamp":"2025-04-27T12:27:20.675Z"}
{"level":"info","message":"Book-service is running on port: 3002","service":"book-service","timestamp":"2025-04-27T12:27:21.948Z"}
{"level":"info","message":"DB connected successfully","service":"book-service","timestamp":"2025-04-27T12:27:23.111Z"}
{"level":"info","message":"Book-service is running on port: 3002","service":"book-service","timestamp":"2025-04-27T12:27:24.189Z"}
{"level":"info","message":"DB connected successfully","service":"book-service","timestamp":"2025-04-27T12:27:25.452Z"}
{"level":"info","message":"Book-service is running on port: 3002","service":"book-service","timestamp":"2025-04-27T12:27:29.174Z"}
{"level":"info","message":"DB connected successfully","service":"book-service","timestamp":"2025-04-27T12:27:30.932Z"}
{"level":"info","message":"Book-service is running on port: 3002","service":"book-service","timestamp":"2025-04-27T12:27:32.101Z"}
{"level":"info","message":"DB connected successfully","service":"book-service","timestamp":"2025-04-27T12:27:33.693Z"}
{"level":"info","message":"Book-service is running on port: 3002","service":"book-service","timestamp":"2025-04-27T12:27:40.537Z"}
{"level":"info","message":"DB connected successfully","service":"book-service","timestamp":"2025-04-27T12:27:42.016Z"}
{"level":"info","message":"Book-service is running on port: 3002","service":"book-service","timestamp":"2025-04-27T12:27:57.480Z"}
{"level":"info","message":"DB connected successfully","service":"book-service","timestamp":"2025-04-27T12:27:59.304Z"}
{"level":"info","message":"Book-service is running on port: 3002","service":"book-service","timestamp":"2025-04-27T12:35:06.264Z"}
{"level":"info","message":"Book-service is running on port: 3002","service":"book-service","timestamp":"2025-04-27T12:35:08.409Z"}
{"level":"info","message":"DB connected successfully","service":"book-service","timestamp":"2025-04-27T12:35:09.690Z"}
{"level":"info","message":"Book-service is running on port: 3002","service":"book-service","timestamp":"2025-04-27T12:35:13.143Z"}
{"level":"info","message":"DB connected successfully","service":"book-service","timestamp":"2025-04-27T12:35:14.775Z"}
{"level":"info","message":"Book-service is running on port: 3002","service":"book-service","timestamp":"2025-04-27T12:35:25.944Z"}
{"level":"info","message":"DB connected successfully","service":"book-service","timestamp":"2025-04-27T12:35:27.413Z"}
{"level":"info","message":"Book-service is running on port: 3002","service":"book-service","timestamp":"2025-04-27T12:35:31.349Z"}
{"level":"info","message":"DB connected successfully","service":"book-service","timestamp":"2025-04-27T12:35:32.942Z"}
{"level":"info","message":"Book-service is running on port: 3002","service":"book-service","timestamp":"2025-04-27T12:35:34.399Z"}
{"level":"info","message":"DB connected successfully","service":"book-service","timestamp":"2025-04-27T12:35:36.110Z"}
{"level":"info","message":"Book-service is running on port: 3002","service":"book-service","timestamp":"2025-04-27T12:35:46.886Z"}
{"level":"info","message":"DB connected successfully","service":"book-service","timestamp":"2025-04-27T12:35:48.048Z"}
{"level":"info","message":"Book-service is running on port: 3002","service":"book-service","timestamp":"2025-04-27T12:35:51.017Z"}
{"level":"info","message":"DB connected successfully","service":"book-service","timestamp":"2025-04-27T12:35:52.699Z"}
{"level":"info","message":"Book-service is running on port: 3002","service":"book-service","timestamp":"2025-04-27T12:35:57.179Z"}
{"level":"info","message":"Book-service is running on port: 3002","service":"book-service","timestamp":"2025-04-27T12:35:58.697Z"}
{"level":"info","message":"Book-service is running on port: 3002","service":"book-service","timestamp":"2025-04-27T12:35:59.646Z"}
{"level":"info","message":"DB connected successfully","service":"book-service","timestamp":"2025-04-27T12:36:00.807Z"}
{"level":"info","message":"Book-service is running on port: 3002","service":"book-service","timestamp":"2025-04-27T12:36:13.530Z"}
{"level":"info","message":"Book-service is running on port: 3002","service":"book-service","timestamp":"2025-04-27T12:36:15.018Z"}
{"level":"info","message":"DB connected successfully","service":"book-service","timestamp":"2025-04-27T12:36:16.445Z"}
{"level":"info","message":"Book-service is running on port: 3002","service":"book-service","timestamp":"2025-04-27T12:36:18.132Z"}
{"level":"info","message":"DB connected successfully","service":"book-service","timestamp":"2025-04-27T12:36:20.364Z"}
{"level":"info","message":"Book-service is running on port: 3002","service":"book-service","timestamp":"2025-04-27T12:36:32.869Z"}
{"level":"info","message":"DB connected successfully","service":"book-service","timestamp":"2025-04-27T12:36:34.684Z"}
{"level":"info","message":"Book-service is running on port: 3002","service":"book-service","timestamp":"2025-04-27T12:37:19.877Z"}
{"level":"info","message":"Book-service is running on port: 3002","service":"book-service","timestamp":"2025-04-27T12:37:21.579Z"}
{"level":"info","message":"Book-service is running on port: 3002","service":"book-service","timestamp":"2025-04-27T12:37:22.525Z"}
{"level":"info","message":"DB connected successfully","service":"book-service","timestamp":"2025-04-27T12:37:23.948Z"}
{"level":"info","message":"Book-service is running on port: 3002","service":"book-service","timestamp":"2025-04-27T12:37:25.116Z"}
{"level":"info","message":"Book-service is running on port: 3002","service":"book-service","timestamp":"2025-04-27T12:37:34.147Z"}
{"level":"info","message":"DB connected successfully","service":"book-service","timestamp":"2025-04-27T12:37:35.728Z"}
{"level":"info","message":"Book-service is running on port: 3002","service":"book-service","timestamp":"2025-04-27T12:37:38.835Z"}
{"level":"info","message":"DB connected successfully","service":"book-service","timestamp":"2025-04-27T12:37:40.630Z"}
{"level":"info","message":"Book-service is running on port: 3002","service":"book-service","timestamp":"2025-04-27T12:37:51.524Z"}
{"level":"info","message":"DB connected successfully","service":"book-service","timestamp":"2025-04-27T12:37:53.183Z"}
{"level":"info","message":"Book-service is running on port: 3002","service":"book-service","timestamp":"2025-04-27T12:38:02.356Z"}
{"level":"info","message":"DB connected successfully","service":"book-service","timestamp":"2025-04-27T12:38:03.947Z"}
{"level":"info","message":"Book-service is running on port: 3002","service":"book-service","timestamp":"2025-04-27T12:38:05.430Z"}
{"level":"info","message":"DB connected successfully","service":"book-service","timestamp":"2025-04-27T12:38:06.669Z"}
{"level":"info","message":"Book-service is running on port: 3002","service":"book-service","timestamp":"2025-04-27T12:38:08.741Z"}
{"level":"info","message":"Book-service is running on port: 3002","service":"book-service","timestamp":"2025-04-27T12:38:10.523Z"}
{"level":"info","message":"DB connected successfully","service":"book-service","timestamp":"2025-04-27T12:38:11.715Z"}
{"level":"info","message":"Book-service is running on port: 3002","service":"book-service","timestamp":"2025-04-27T12:38:20.439Z"}
{"level":"info","message":"Book-service is running on port: 3002","service":"book-service","timestamp":"2025-04-27T12:38:22.860Z"}
{"level":"info","message":"DB connected successfully","service":"book-service","timestamp":"2025-04-27T12:38:24.357Z"}
{"level":"info","message":"Book-service is running on port: 3002","service":"book-service","timestamp":"2025-04-27T12:38:29.982Z"}
{"level":"info","message":"DB connected successfully","service":"book-service","timestamp":"2025-04-27T12:38:31.830Z"}
{"level":"info","message":"Book-service is running on port: 3002","service":"book-service","timestamp":"2025-04-27T12:38:55.110Z"}
{"level":"info","message":"DB connected successfully","service":"book-service","timestamp":"2025-04-27T12:38:56.761Z"}
{"level":"info","message":"Book-service is running on port: 3002","service":"book-service","timestamp":"2025-04-27T12:39:01.220Z"}
{"level":"info","message":"Book-service is running on port: 3002","service":"book-service","timestamp":"2025-04-27T12:39:03.761Z"}
{"level":"info","message":"DB connected successfully","service":"book-service","timestamp":"2025-04-27T12:39:05.039Z"}
{"level":"info","message":"Book-service is running on port: 3002","service":"book-service","timestamp":"2025-04-27T12:39:08.630Z"}
{"level":"info","message":"DB connected successfully","service":"book-service","timestamp":"2025-04-27T12:39:10.230Z"}
{"level":"info","message":"Book-service is running on port: 3002","service":"book-service","timestamp":"2025-04-27T12:39:15.502Z"}
{"level":"info","message":"Book-service is running on port: 3002","service":"book-service","timestamp":"2025-04-27T12:39:17.162Z"}
{"level":"info","message":"DB connected successfully","service":"book-service","timestamp":"2025-04-27T12:39:18.366Z"}
{"level":"info","message":"Book-service is running on port: 3002","service":"book-service","timestamp":"2025-04-27T12:39:27.995Z"}
{"level":"info","message":"DB connected successfully","service":"book-service","timestamp":"2025-04-27T12:39:29.337Z"}
{"level":"info","message":"Book-service is running on port: 3002","service":"book-service","timestamp":"2025-04-27T12:39:39.968Z"}
{"level":"info","message":"DB connected successfully","service":"book-service","timestamp":"2025-04-27T12:39:41.803Z"}
{"level":"info","message":"Book-service is running on port: 3002","service":"book-service","timestamp":"2025-04-27T12:39:44.412Z"}
{"level":"info","message":"DB connected successfully","service":"book-service","timestamp":"2025-04-27T12:39:46.272Z"}
{"level":"info","message":"Book-service is running on port: 3002","service":"book-service","timestamp":"2025-04-27T12:39:47.228Z"}
{"level":"info","message":"DB connected successfully","service":"book-service","timestamp":"2025-04-27T12:39:48.376Z"}
{"level":"info","message":"Book-service is running on port: 3002","service":"book-service","timestamp":"2025-04-27T12:39:49.629Z"}
{"level":"info","message":"Book-service is running on port: 3002","service":"book-service","timestamp":"2025-04-27T12:39:51.523Z"}
{"level":"info","message":"DB connected successfully","service":"book-service","timestamp":"2025-04-27T12:39:52.782Z"}
{"level":"info","message":"Book-service is running on port: 3002","service":"book-service","timestamp":"2025-04-27T12:39:55.442Z"}
{"level":"info","message":"DB connected successfully","service":"book-service","timestamp":"2025-04-27T12:39:57.024Z"}
{"level":"info","message":"Book-service is running on port: 3002","service":"book-service","timestamp":"2025-04-27T12:39:58.125Z"}
{"level":"info","message":"Book-service is running on port: 3002","service":"book-service","timestamp":"2025-04-27T12:39:59.661Z"}
{"level":"info","message":"DB connected successfully","service":"book-service","timestamp":"2025-04-27T12:40:00.879Z"}
{"level":"info","message":"Book-service is running on port: 3002","service":"book-service","timestamp":"2025-04-27T12:40:10.275Z"}
{"level":"info","message":"DB connected successfully","service":"book-service","timestamp":"2025-04-27T12:40:12.029Z"}
{"level":"info","message":"Book-service is running on port: 3002","service":"book-service","timestamp":"2025-04-27T12:40:18.426Z"}
{"level":"info","message":"DB connected successfully","service":"book-service","timestamp":"2025-04-27T12:40:19.951Z"}
{"level":"info","message":"Book-service is running on port: 3002","service":"book-service","timestamp":"2025-04-27T12:40:21.109Z"}
{"level":"info","message":"Book-service is running on port: 3002","service":"book-service","timestamp":"2025-04-27T12:40:22.916Z"}
{"level":"info","message":"DB connected successfully","service":"book-service","timestamp":"2025-04-27T12:40:24.683Z"}
{"level":"info","message":"Book-service is running on port: 3002","service":"book-service","timestamp":"2025-04-27T12:40:38.880Z"}
{"level":"info","message":"Book-service is running on port: 3002","service":"book-service","timestamp":"2025-04-27T12:40:40.536Z"}
{"level":"info","message":"DB connected successfully","service":"book-service","timestamp":"2025-04-27T12:40:42.114Z"}
{"level":"info","message":"Book-service is running on port: 3002","service":"book-service","timestamp":"2025-04-27T12:40:43.209Z"}
{"level":"info","message":"DB connected successfully","service":"book-service","timestamp":"2025-04-27T12:40:44.744Z"}
{"level":"info","message":"Book-service is running on port: 3002","service":"book-service","timestamp":"2025-04-27T12:40:51.773Z"}
{"level":"info","message":"Book-service is running on port: 3002","service":"book-service","timestamp":"2025-04-27T12:40:53.263Z"}
{"level":"info","message":"DB connected successfully","service":"book-service","timestamp":"2025-04-27T12:40:54.476Z"}
{"level":"info","message":"Book-service is running on port: 3002","service":"book-service","timestamp":"2025-04-27T12:41:14.722Z"}
{"level":"info","message":"DB connected successfully","service":"book-service","timestamp":"2025-04-27T12:41:16.225Z"}
{"level":"info","message":"Book-service is running on port: 3002","service":"book-service","timestamp":"2025-04-27T12:41:18.438Z"}
{"level":"info","message":"DB connected successfully","service":"book-service","timestamp":"2025-04-27T12:41:19.664Z"}
{"level":"info","message":"Book-service is running on port: 3002","service":"book-service","timestamp":"2025-04-27T12:41:28.469Z"}
{"level":"info","message":"DB connected successfully","service":"book-service","timestamp":"2025-04-27T12:41:29.929Z"}
{"level":"info","message":"Book-service is running on port: 3002","service":"book-service","timestamp":"2025-04-27T12:41:31.784Z"}
{"level":"info","message":"DB connected successfully","service":"book-service","timestamp":"2025-04-27T12:41:33.385Z"}
{"level":"info","message":"Book-service is running on port: 3002","service":"book-service","timestamp":"2025-04-27T12:41:34.318Z"}
{"level":"info","message":"Book-service is running on port: 3002","service":"book-service","timestamp":"2025-04-27T12:41:35.429Z"}
{"level":"info","message":"DB connected successfully","service":"book-service","timestamp":"2025-04-27T12:41:36.870Z"}
{"level":"info","message":"Book-service is running on port: 3002","service":"book-service","timestamp":"2025-04-27T12:41:40.731Z"}
{"level":"info","message":"DB connected successfully","service":"book-service","timestamp":"2025-04-27T12:41:42.713Z"}
{"level":"info","message":"Book-service is running on port: 3002","service":"book-service","timestamp":"2025-04-27T12:41:43.950Z"}
{"level":"info","message":"Book-service is running on port: 3002","service":"book-service","timestamp":"2025-04-27T12:41:45.618Z"}
{"level":"info","message":"DB connected successfully","service":"book-service","timestamp":"2025-04-27T12:41:46.979Z"}
{"level":"info","message":"Book-service is running on port: 3002","service":"book-service","timestamp":"2025-04-27T12:41:54.001Z"}
{"level":"info","message":"Book-service is running on port: 3002","service":"book-service","timestamp":"2025-04-27T12:41:55.587Z"}
{"level":"info","message":"DB connected successfully","service":"book-service","timestamp":"2025-04-27T12:41:56.910Z"}
{"level":"info","message":"Book-service is running on port: 3002","service":"book-service","timestamp":"2025-04-27T12:41:58.882Z"}
{"level":"info","message":"Book-service is running on port: 3002","service":"book-service","timestamp":"2025-04-27T12:42:00.674Z"}
{"level":"info","message":"Book-service is running on port: 3002","service":"book-service","timestamp":"2025-04-27T12:42:01.589Z"}
{"level":"info","message":"DB connected successfully","service":"book-service","timestamp":"2025-04-27T12:42:03.081Z"}
{"level":"info","message":"Book-service is running on port: 3002","service":"book-service","timestamp":"2025-04-27T12:42:30.582Z"}
{"level":"info","message":"DB connected successfully","service":"book-service","timestamp":"2025-04-27T12:42:32.265Z"}
{"level":"info","message":"Book-service is running on port: 3002","service":"book-service","timestamp":"2025-04-27T12:42:33.066Z"}
{"level":"info","message":"DB connected successfully","service":"book-service","timestamp":"2025-04-27T12:42:34.628Z"}
{"level":"info","message":"Book-service is running on port: 3002","service":"book-service","timestamp":"2025-04-27T12:54:08.973Z"}
{"level":"info","message":"Book-service is running on port: 3002","service":"book-service","timestamp":"2025-04-27T12:54:11.724Z"}
{"level":"info","message":"DB connected successfully","service":"book-service","timestamp":"2025-04-27T12:54:13.711Z"}
{"level":"info","message":"Book-service is running on port: 3002","service":"book-service","timestamp":"2025-04-27T12:54:16.515Z"}
{"level":"info","message":"DB connected successfully","service":"book-service","timestamp":"2025-04-27T12:54:18.220Z"}
{"level":"info","message":"Book-service is running on port: 3002","service":"book-service","timestamp":"2025-04-27T12:54:24.154Z"}
{"level":"info","message":"DB connected successfully","service":"book-service","timestamp":"2025-04-27T12:54:26.002Z"}
{"level":"info","message":"Book-service is running on port: 3002","service":"book-service","timestamp":"2025-04-27T12:54:37.464Z"}
{"level":"info","message":"DB connected successfully","service":"book-service","timestamp":"2025-04-27T12:54:40.420Z"}
{"level":"info","message":"Book-service is running on port: 3002","service":"book-service","timestamp":"2025-04-27T12:54:56.235Z"}
{"level":"info","message":"DB connected successfully","service":"book-service","timestamp":"2025-04-27T12:54:57.953Z"}
{"level":"info","message":"Book-service is running on port: 3002","service":"book-service","timestamp":"2025-04-27T13:03:43.944Z"}
{"level":"info","message":"DB connected successfully","service":"book-service","timestamp":"2025-04-27T13:03:46.155Z"}
{"level":"info","message":"Book-service is running on port: 3002","service":"book-service","timestamp":"2025-04-27T13:03:54.233Z"}
{"level":"info","message":"DB connected successfully","service":"book-service","timestamp":"2025-04-27T13:03:56.061Z"}
{"level":"info","message":"Book-service is running on port: 3002","service":"book-service","timestamp":"2025-04-27T13:04:06.402Z"}
{"level":"info","message":"DB connected successfully","service":"book-service","timestamp":"2025-04-27T13:04:08.441Z"}
{"level":"info","message":"Book-service is running on port: 3002","service":"book-service","timestamp":"2025-04-27T13:04:40.259Z"}
{"level":"info","message":"DB connected successfully","service":"book-service","timestamp":"2025-04-27T13:04:42.248Z"}
{"level":"info","message":"Book-service is running on port: 3002","service":"book-service","timestamp":"2025-04-27T13:05:06.687Z"}
{"level":"info","message":"Book-service is running on port: 3002","service":"book-service","timestamp":"2025-04-27T13:05:11.511Z"}
{"level":"info","message":"Book-service is running on port: 3002","service":"book-service","timestamp":"2025-04-27T13:05:14.319Z"}
{"level":"info","message":"DB connected successfully","service":"book-service","timestamp":"2025-04-27T13:05:15.843Z"}
{"level":"info","message":"Book-service is running on port: 3002","service":"book-service","timestamp":"2025-04-27T13:05:22.699Z"}
{"level":"info","message":"Book-service is running on port: 3002","service":"book-service","timestamp":"2025-04-27T13:05:24.856Z"}
{"level":"info","message":"DB connected successfully","service":"book-service","timestamp":"2025-04-27T13:05:26.598Z"}
{"level":"info","message":"Book-service is running on port: 3002","service":"book-service","timestamp":"2025-04-27T13:05:36.284Z"}
{"level":"info","message":"Book-service is running on port: 3002","service":"book-service","timestamp":"2025-04-27T13:05:38.631Z"}
{"level":"info","message":"DB connected successfully","service":"book-service","timestamp":"2025-04-27T13:05:40.206Z"}
{"level":"info","message":"Book-service is running on port: 3002","service":"book-service","timestamp":"2025-04-27T13:05:48.130Z"}
{"level":"info","message":"DB connected successfully","service":"book-service","timestamp":"2025-04-27T13:05:49.752Z"}
{"level":"info","message":"Book-service is running on port: 3002","service":"book-service","timestamp":"2025-04-27T13:06:00.581Z"}
{"level":"info","message":"Book-service is running on port: 3002","service":"book-service","timestamp":"2025-04-27T13:06:03.787Z"}
{"level":"info","message":"DB connected successfully","service":"book-service","timestamp":"2025-04-27T13:06:05.057Z"}
{"level":"info","message":"Book-service is running on port: 3002","service":"book-service","timestamp":"2025-04-27T13:06:20.681Z"}
{"level":"info","message":"DB connected successfully","service":"book-service","timestamp":"2025-04-27T13:06:22.290Z"}
{"level":"info","message":"Book-service is running on port: 3002","service":"book-service","timestamp":"2025-04-27T13:06:31.646Z"}
{"level":"info","message":"DB connected successfully","service":"book-service","timestamp":"2025-04-27T13:06:33.351Z"}
{"level":"info","message":"Book-service is running on port: 3002","service":"book-service","timestamp":"2025-04-27T13:06:38.723Z"}
{"level":"info","message":"Book-service is running on port: 3002","service":"book-service","timestamp":"2025-04-27T13:06:39.899Z"}
{"level":"info","message":"DB connected successfully","service":"book-service","timestamp":"2025-04-27T13:06:41.037Z"}
{"level":"info","message":"Book-service is running on port: 3002","service":"book-service","timestamp":"2025-04-27T13:07:21.620Z"}
{"level":"info","message":"DB connected successfully","service":"book-service","timestamp":"2025-04-27T13:07:23.667Z"}
{"level":"info","message":"Book-service is running on port: 3002","service":"book-service","timestamp":"2025-04-27T13:08:14.056Z"}
{"level":"info","message":"DB connected successfully","service":"book-service","timestamp":"2025-04-27T13:08:15.751Z"}
{"level":"info","message":"Book-service is running on port: 3002","service":"book-service","timestamp":"2025-04-27T13:08:20.073Z"}
{"level":"info","message":"DB connected successfully","service":"book-service","timestamp":"2025-04-27T13:08:22.099Z"}
{"level":"info","message":"Book-service is running on port: 3002","service":"book-service","timestamp":"2025-04-27T13:08:50.232Z"}
{"level":"info","message":"DB connected successfully","service":"book-service","timestamp":"2025-04-27T13:08:51.895Z"}
{"level":"info","message":"Book-service is running on port: 3002","service":"book-service","timestamp":"2025-04-27T13:08:57.583Z"}
{"level":"info","message":"DB connected successfully","service":"book-service","timestamp":"2025-04-27T13:08:58.789Z"}
{"level":"info","message":"Book-service is running on port: 3002","service":"book-service","timestamp":"2025-04-27T13:09:19.017Z"}
{"level":"info","message":"DB connected successfully","service":"book-service","timestamp":"2025-04-27T13:09:20.879Z"}
{"level":"info","message":"Book-service is running on port: 3002","service":"book-service","timestamp":"2025-04-27T13:09:28.629Z"}
{"level":"info","message":"Book-service is running on port: 3002","service":"book-service","timestamp":"2025-04-27T13:09:31.895Z"}
{"level":"info","message":"DB connected successfully","service":"book-service","timestamp":"2025-04-27T13:09:34.192Z"}
{"level":"info","message":"Book-service is running on port: 3002","service":"book-service","timestamp":"2025-04-27T13:09:55.955Z"}
{"level":"info","message":"Book-service is running on port: 3002","service":"book-service","timestamp":"2025-04-27T13:09:57.280Z"}
{"level":"info","message":"DB connected successfully","service":"book-service","timestamp":"2025-04-27T13:09:58.902Z"}
{"level":"info","message":"Book-service is running on port: 3002","service":"book-service","timestamp":"2025-04-27T13:10:12.362Z"}
{"level":"info","message":"DB connected successfully","service":"book-service","timestamp":"2025-04-27T13:10:14.941Z"}
{"level":"info","message":"Book-service is running on port: 3002","service":"book-service","timestamp":"2025-04-27T13:10:18.805Z"}
{"level":"info","message":"Book-service is running on port: 3002","service":"book-service","timestamp":"2025-04-27T13:10:21.351Z"}
{"level":"info","message":"Book-service is running on port: 3002","service":"book-service","timestamp":"2025-04-27T13:10:23.560Z"}
{"level":"info","message":"DB connected successfully","service":"book-service","timestamp":"2025-04-27T13:10:24.656Z"}
{"level":"info","message":"Book-service is running on port: 3002","service":"book-service","timestamp":"2025-04-27T13:10:25.451Z"}
{"level":"info","message":"DB connected successfully","service":"book-service","timestamp":"2025-04-27T13:10:27.023Z"}
{"level":"info","message":"Book-service is running on port: 3002","service":"book-service","timestamp":"2025-04-27T13:10:28.219Z"}
{"level":"info","message":"DB connected successfully","service":"book-service","timestamp":"2025-04-27T13:10:29.399Z"}
{"level":"info","message":"Book-service is running on port: 3002","service":"book-service","timestamp":"2025-04-27T13:11:26.011Z"}
{"level":"info","message":"Book-service is running on port: 3002","service":"book-service","timestamp":"2025-04-27T13:11:32.116Z"}
{"level":"info","message":"DB connected successfully","service":"book-service","timestamp":"2025-04-27T13:11:33.925Z"}
{"level":"info","message":"Book-service is running on port: 3002","service":"book-service","timestamp":"2025-04-27T13:13:18.130Z"}
{"level":"info","message":"DB connected successfully","service":"book-service","timestamp":"2025-04-27T13:13:20.736Z"}
{"level":"info","message":"Book-service is running on port: 3002","service":"book-service","timestamp":"2025-04-27T13:14:00.955Z"}
{"level":"info","message":"DB connected successfully","service":"book-service","timestamp":"2025-04-27T13:14:02.874Z"}
{"level":"info","message":"Book-service is running on port: 3002","service":"book-service","timestamp":"2025-04-27T13:14:05.235Z"}
{"level":"info","message":"DB connected successfully","service":"book-service","timestamp":"2025-04-27T13:14:07.390Z"}
{"level":"info","message":"Book-service is running on port: 3002","service":"book-service","timestamp":"2025-04-27T13:14:11.343Z"}
{"level":"info","message":"Book-service is running on port: 3002","service":"book-service","timestamp":"2025-04-27T13:14:12.736Z"}
{"level":"info","message":"DB connected successfully","service":"book-service","timestamp":"2025-04-27T13:14:14.753Z"}
{"level":"info","message":"Book-service is running on port: 3002","service":"book-service","timestamp":"2025-04-27T13:14:26.120Z"}
{"level":"info","message":"Book-service is running on port: 3002","service":"book-service","timestamp":"2025-04-27T13:14:35.621Z"}
{"level":"info","message":"Book-service is running on port: 3002","service":"book-service","timestamp":"2025-04-27T13:14:37.100Z"}
{"level":"info","message":"DB connected successfully","service":"book-service","timestamp":"2025-04-27T13:14:38.382Z"}
{"level":"info","message":"Book-service is running on port: 3002","service":"book-service","timestamp":"2025-04-27T13:15:25.548Z"}
{"level":"info","message":"Book-service is running on port: 3002","service":"book-service","timestamp":"2025-04-27T13:15:31.274Z"}
{"level":"info","message":"Book-service is running on port: 3002","service":"book-service","timestamp":"2025-04-27T13:15:35.511Z"}
{"level":"info","message":"DB connected successfully","service":"book-service","timestamp":"2025-04-27T13:15:37.098Z"}
{"level":"info","message":"Book-service is running on port: 3002","service":"book-service","timestamp":"2025-04-27T13:15:38.604Z"}
{"level":"info","message":"DB connected successfully","service":"book-service","timestamp":"2025-04-27T13:15:40.477Z"}
{"level":"info","message":"Book-service is running on port: 3002","service":"book-service","timestamp":"2025-04-27T16:24:24.120Z"}
{"level":"info","message":"Book-service is running on port: 3002","service":"book-service","timestamp":"2025-04-29T07:09:56.335Z"}
{"level":"info","message":"Book-service is running on port: 3002","service":"book-service","timestamp":"2025-04-29T07:09:58.106Z"}
{"level":"info","message":"Book-service is running on port: 3002","service":"book-service","timestamp":"2025-04-29T07:09:59.822Z"}
{"level":"info","message":"DB connected successfully","service":"book-service","timestamp":"2025-04-29T07:10:01.105Z"}
{"level":"info","message":"Book-service is running on port: 3002","service":"book-service","timestamp":"2025-04-29T07:26:42.008Z"}
{"level":"info","message":"DB connected successfully","service":"book-service","timestamp":"2025-04-29T07:26:43.746Z"}
{"level":"info","message":" Received POST request to /api/books/create-book ","service":"book-service","timestamp":"2025-04-29T07:33:19.886Z"}
{"level":"error","message":"Unknown Error while uploading file.. Multipart: Boundary not found","service":"book-service","stack":"Error: Multipart: Boundary not found\n    at new Multipart (C:\\Users\\PMLS\\OneDrive\\Desktop\\harof-BE\\services\\book-service\\node_modules\\busboy\\lib\\types\\multipart.js:233:13)\n    at getInstance (C:\\Users\\PMLS\\OneDrive\\Desktop\\harof-BE\\services\\book-service\\node_modules\\busboy\\lib\\index.js:33:12)\n    at module.exports (C:\\Users\\PMLS\\OneDrive\\Desktop\\harof-BE\\services\\book-service\\node_modules\\busboy\\lib\\index.js:56:10)\n    at multerMiddleware (C:\\Users\\PMLS\\OneDrive\\Desktop\\harof-BE\\services\\book-service\\node_modules\\multer\\lib\\make-middleware.js:28:16)\n    at file:///C:/Users/PMLS/OneDrive/Desktop/harof-BE/services/book-service/src/routes/bookRoutes.js:11:5\n    at Layer.handleRequest (C:\\Users\\PMLS\\OneDrive\\Desktop\\harof-BE\\services\\book-service\\node_modules\\router\\lib\\layer.js:152:17)\n    at next (C:\\Users\\PMLS\\OneDrive\\Desktop\\harof-BE\\services\\book-service\\node_modules\\router\\lib\\route.js:157:13)\n    at authMiddleware (file:///C:/Users/PMLS/OneDrive/Desktop/harof-BE/services/book-service/src/middlewares/authmiddleware.js:18:5)\n    at Layer.handleRequest (C:\\Users\\PMLS\\OneDrive\\Desktop\\harof-BE\\services\\book-service\\node_modules\\router\\lib\\layer.js:152:17)\n    at next (C:\\Users\\PMLS\\OneDrive\\Desktop\\harof-BE\\services\\book-service\\node_modules\\router\\lib\\route.js:157:13)","timestamp":"2025-04-29T07:33:19.888Z"}
{"level":"info","message":" Received POST request to /api/books/create-book ","service":"book-service","timestamp":"2025-04-29T07:36:40.951Z"}
{"level":"error","message":"Unknown Error while uploading file.. Multipart: Boundary not found","service":"book-service","stack":"Error: Multipart: Boundary not found\n    at new Multipart (C:\\Users\\PMLS\\OneDrive\\Desktop\\harof-BE\\services\\book-service\\node_modules\\busboy\\lib\\types\\multipart.js:233:13)\n    at getInstance (C:\\Users\\PMLS\\OneDrive\\Desktop\\harof-BE\\services\\book-service\\node_modules\\busboy\\lib\\index.js:33:12)\n    at module.exports (C:\\Users\\PMLS\\OneDrive\\Desktop\\harof-BE\\services\\book-service\\node_modules\\busboy\\lib\\index.js:56:10)\n    at multerMiddleware (C:\\Users\\PMLS\\OneDrive\\Desktop\\harof-BE\\services\\book-service\\node_modules\\multer\\lib\\make-middleware.js:28:16)\n    at file:///C:/Users/PMLS/OneDrive/Desktop/harof-BE/services/book-service/src/routes/bookRoutes.js:11:5\n    at Layer.handleRequest (C:\\Users\\PMLS\\OneDrive\\Desktop\\harof-BE\\services\\book-service\\node_modules\\router\\lib\\layer.js:152:17)\n    at next (C:\\Users\\PMLS\\OneDrive\\Desktop\\harof-BE\\services\\book-service\\node_modules\\router\\lib\\route.js:157:13)\n    at authMiddleware (file:///C:/Users/PMLS/OneDrive/Desktop/harof-BE/services/book-service/src/middlewares/authmiddleware.js:18:5)\n    at Layer.handleRequest (C:\\Users\\PMLS\\OneDrive\\Desktop\\harof-BE\\services\\book-service\\node_modules\\router\\lib\\layer.js:152:17)\n    at next (C:\\Users\\PMLS\\OneDrive\\Desktop\\harof-BE\\services\\book-service\\node_modules\\router\\lib\\route.js:157:13)","timestamp":"2025-04-29T07:36:40.952Z"}
{"level":"info","message":"Book-service is running on port: 3002","service":"book-service","timestamp":"2025-04-29T07:37:38.660Z"}
{"level":"info","message":"Book-service is running on port: 3002","service":"book-service","timestamp":"2025-04-29T07:37:39.655Z"}
{"level":"info","message":"Book-service is running on port: 3002","service":"book-service","timestamp":"2025-04-29T07:37:40.607Z"}
{"level":"info","message":"DB connected successfully","service":"book-service","timestamp":"2025-04-29T07:37:41.787Z"}
{"level":"info","message":"Book-service is running on port: 3002","service":"book-service","timestamp":"2025-04-29T07:37:47.656Z"}
{"level":"info","message":"DB connected successfully","service":"book-service","timestamp":"2025-04-29T07:37:49.361Z"}
{"level":"info","message":"Book-service is running on port: 3002","service":"book-service","timestamp":"2025-04-29T07:37:50.682Z"}
{"level":"info","message":"DB connected successfully","service":"book-service","timestamp":"2025-04-29T07:37:52.059Z"}
{"level":"info","message":"Book-service is running on port: 3002","service":"book-service","timestamp":"2025-04-29T07:37:52.750Z"}
{"level":"info","message":"DB connected successfully","service":"book-service","timestamp":"2025-04-29T07:37:54.157Z"}
{"level":"info","message":" Received POST request to /api/books/create-book ","service":"book-service","timestamp":"2025-04-29T07:37:55.798Z"}
{"level":"error","message":"Unknown Error while uploading file.. Multipart: Boundary not found","service":"book-service","stack":"Error: Multipart: Boundary not found\n    at new Multipart (C:\\Users\\PMLS\\OneDrive\\Desktop\\harof-BE\\services\\book-service\\node_modules\\busboy\\lib\\types\\multipart.js:233:13)\n    at getInstance (C:\\Users\\PMLS\\OneDrive\\Desktop\\harof-BE\\services\\book-service\\node_modules\\busboy\\lib\\index.js:33:12)\n    at module.exports (C:\\Users\\PMLS\\OneDrive\\Desktop\\harof-BE\\services\\book-service\\node_modules\\busboy\\lib\\index.js:56:10)\n    at multerMiddleware (C:\\Users\\PMLS\\OneDrive\\Desktop\\harof-BE\\services\\book-service\\node_modules\\multer\\lib\\make-middleware.js:28:16)\n    at file:///C:/Users/PMLS/OneDrive/Desktop/harof-BE/services/book-service/src/routes/bookRoutes.js:11:5\n    at Layer.handleRequest (C:\\Users\\PMLS\\OneDrive\\Desktop\\harof-BE\\services\\book-service\\node_modules\\router\\lib\\layer.js:152:17)\n    at next (C:\\Users\\PMLS\\OneDrive\\Desktop\\harof-BE\\services\\book-service\\node_modules\\router\\lib\\route.js:157:13)\n    at authMiddleware (file:///C:/Users/PMLS/OneDrive/Desktop/harof-BE/services/book-service/src/middlewares/authmiddleware.js:18:5)\n    at Layer.handleRequest (C:\\Users\\PMLS\\OneDrive\\Desktop\\harof-BE\\services\\book-service\\node_modules\\router\\lib\\layer.js:152:17)\n    at next (C:\\Users\\PMLS\\OneDrive\\Desktop\\harof-BE\\services\\book-service\\node_modules\\router\\lib\\route.js:157:13)","timestamp":"2025-04-29T07:37:55.800Z"}
{"level":"info","message":" Received POST request to /api/books/create-book ","service":"book-service","timestamp":"2025-04-29T07:41:17.018Z"}
{"level":"error","message":"Unknown Error while uploading file.. Multipart: Boundary not found","service":"book-service","stack":"Error: Multipart: Boundary not found\n    at new Multipart (C:\\Users\\PMLS\\OneDrive\\Desktop\\harof-BE\\services\\book-service\\node_modules\\busboy\\lib\\types\\multipart.js:233:13)\n    at getInstance (C:\\Users\\PMLS\\OneDrive\\Desktop\\harof-BE\\services\\book-service\\node_modules\\busboy\\lib\\index.js:33:12)\n    at module.exports (C:\\Users\\PMLS\\OneDrive\\Desktop\\harof-BE\\services\\book-service\\node_modules\\busboy\\lib\\index.js:56:10)\n    at multerMiddleware (C:\\Users\\PMLS\\OneDrive\\Desktop\\harof-BE\\services\\book-service\\node_modules\\multer\\lib\\make-middleware.js:28:16)\n    at file:///C:/Users/PMLS/OneDrive/Desktop/harof-BE/services/book-service/src/routes/bookRoutes.js:11:5\n    at Layer.handleRequest (C:\\Users\\PMLS\\OneDrive\\Desktop\\harof-BE\\services\\book-service\\node_modules\\router\\lib\\layer.js:152:17)\n    at next (C:\\Users\\PMLS\\OneDrive\\Desktop\\harof-BE\\services\\book-service\\node_modules\\router\\lib\\route.js:157:13)\n    at authMiddleware (file:///C:/Users/PMLS/OneDrive/Desktop/harof-BE/services/book-service/src/middlewares/authmiddleware.js:18:5)\n    at Layer.handleRequest (C:\\Users\\PMLS\\OneDrive\\Desktop\\harof-BE\\services\\book-service\\node_modules\\router\\lib\\layer.js:152:17)\n    at next (C:\\Users\\PMLS\\OneDrive\\Desktop\\harof-BE\\services\\book-service\\node_modules\\router\\lib\\route.js:157:13)","timestamp":"2025-04-29T07:41:17.019Z"}
{"level":"info","message":" Received POST request to /api/books/create-book ","service":"book-service","timestamp":"2025-04-29T07:41:52.372Z"}
{"level":"error","message":"Unknown Error while uploading file.. Multipart: Boundary not found","service":"book-service","stack":"Error: Multipart: Boundary not found\n    at new Multipart (C:\\Users\\PMLS\\OneDrive\\Desktop\\harof-BE\\services\\book-service\\node_modules\\busboy\\lib\\types\\multipart.js:233:13)\n    at getInstance (C:\\Users\\PMLS\\OneDrive\\Desktop\\harof-BE\\services\\book-service\\node_modules\\busboy\\lib\\index.js:33:12)\n    at module.exports (C:\\Users\\PMLS\\OneDrive\\Desktop\\harof-BE\\services\\book-service\\node_modules\\busboy\\lib\\index.js:56:10)\n    at multerMiddleware (C:\\Users\\PMLS\\OneDrive\\Desktop\\harof-BE\\services\\book-service\\node_modules\\multer\\lib\\make-middleware.js:28:16)\n    at file:///C:/Users/PMLS/OneDrive/Desktop/harof-BE/services/book-service/src/routes/bookRoutes.js:11:5\n    at Layer.handleRequest (C:\\Users\\PMLS\\OneDrive\\Desktop\\harof-BE\\services\\book-service\\node_modules\\router\\lib\\layer.js:152:17)\n    at next (C:\\Users\\PMLS\\OneDrive\\Desktop\\harof-BE\\services\\book-service\\node_modules\\router\\lib\\route.js:157:13)\n    at authMiddleware (file:///C:/Users/PMLS/OneDrive/Desktop/harof-BE/services/book-service/src/middlewares/authmiddleware.js:18:5)\n    at Layer.handleRequest (C:\\Users\\PMLS\\OneDrive\\Desktop\\harof-BE\\services\\book-service\\node_modules\\router\\lib\\layer.js:152:17)\n    at next (C:\\Users\\PMLS\\OneDrive\\Desktop\\harof-BE\\services\\book-service\\node_modules\\router\\lib\\route.js:157:13)","timestamp":"2025-04-29T07:41:52.373Z"}
{"level":"info","message":" Received POST request to /api/books/create-book ","service":"book-service","timestamp":"2025-04-29T07:46:03.438Z"}
{"level":"error","message":"Unknown Error while uploading file.. Multipart: Boundary not found","service":"book-service","stack":"Error: Multipart: Boundary not found\n    at new Multipart (C:\\Users\\PMLS\\OneDrive\\Desktop\\harof-BE\\services\\book-service\\node_modules\\busboy\\lib\\types\\multipart.js:233:13)\n    at getInstance (C:\\Users\\PMLS\\OneDrive\\Desktop\\harof-BE\\services\\book-service\\node_modules\\busboy\\lib\\index.js:33:12)\n    at module.exports (C:\\Users\\PMLS\\OneDrive\\Desktop\\harof-BE\\services\\book-service\\node_modules\\busboy\\lib\\index.js:56:10)\n    at multerMiddleware (C:\\Users\\PMLS\\OneDrive\\Desktop\\harof-BE\\services\\book-service\\node_modules\\multer\\lib\\make-middleware.js:28:16)\n    at file:///C:/Users/PMLS/OneDrive/Desktop/harof-BE/services/book-service/src/routes/bookRoutes.js:11:5\n    at Layer.handleRequest (C:\\Users\\PMLS\\OneDrive\\Desktop\\harof-BE\\services\\book-service\\node_modules\\router\\lib\\layer.js:152:17)\n    at next (C:\\Users\\PMLS\\OneDrive\\Desktop\\harof-BE\\services\\book-service\\node_modules\\router\\lib\\route.js:157:13)\n    at authMiddleware (file:///C:/Users/PMLS/OneDrive/Desktop/harof-BE/services/book-service/src/middlewares/authmiddleware.js:18:5)\n    at Layer.handleRequest (C:\\Users\\PMLS\\OneDrive\\Desktop\\harof-BE\\services\\book-service\\node_modules\\router\\lib\\layer.js:152:17)\n    at next (C:\\Users\\PMLS\\OneDrive\\Desktop\\harof-BE\\services\\book-service\\node_modules\\router\\lib\\route.js:157:13)","timestamp":"2025-04-29T07:46:03.439Z"}
{"level":"info","message":" Received POST request to /api/books/create-book ","service":"book-service","timestamp":"2025-04-29T07:47:01.975Z"}
{"code":"LIMIT_UNEXPECTED_FILE","field":"coverImage","level":"error","message":"Unexpected field","name":"MulterError","service":"book-service","stack":"MulterError: Unexpected field\n    at wrappedFileFilter (C:\\Users\\PMLS\\OneDrive\\Desktop\\harof-BE\\services\\book-service\\node_modules\\multer\\index.js:40:19)\n    at Multipart.<anonymous> (C:\\Users\\PMLS\\OneDrive\\Desktop\\harof-BE\\services\\book-service\\node_modules\\multer\\lib\\make-middleware.js:109:7)\n    at Multipart.emit (node:events:518:28)\n    at HeaderParser.cb (C:\\Users\\PMLS\\OneDrive\\Desktop\\harof-BE\\services\\book-service\\node_modules\\busboy\\lib\\types\\multipart.js:358:14)\n    at HeaderParser.push (C:\\Users\\PMLS\\OneDrive\\Desktop\\harof-BE\\services\\book-service\\node_modules\\busboy\\lib\\types\\multipart.js:162:20)\n    at SBMH.ssCb [as _cb] (C:\\Users\\PMLS\\OneDrive\\Desktop\\harof-BE\\services\\book-service\\node_modules\\busboy\\lib\\types\\multipart.js:394:37)\n    at feed (C:\\Users\\PMLS\\OneDrive\\Desktop\\harof-BE\\services\\book-service\\node_modules\\streamsearch\\lib\\sbmh.js:248:10)\n    at SBMH.push (C:\\Users\\PMLS\\OneDrive\\Desktop\\harof-BE\\services\\book-service\\node_modules\\streamsearch\\lib\\sbmh.js:104:16)\n    at Multipart._write (C:\\Users\\PMLS\\OneDrive\\Desktop\\harof-BE\\services\\book-service\\node_modules\\busboy\\lib\\types\\multipart.js:567:19)\n    at writeOrBuffer (node:internal/streams/writable:564:12)","storageErrors":[],"timestamp":"2025-04-29T07:47:02.040Z"}
{"level":"info","message":"Book-service is running on port: 3002","service":"book-service","timestamp":"2025-04-29T07:50:58.284Z"}
{"level":"info","message":"DB connected successfully","service":"book-service","timestamp":"2025-04-29T07:51:00.458Z"}
{"level":"info","message":" Received POST request to /api/books/create-book ","service":"book-service","timestamp":"2025-04-29T07:51:04.974Z"}
{"level":"info","message":"Create Book endpoint is hitting...","service":"book-service","timestamp":"2025-04-29T07:51:04.983Z"}
{"level":"info","message":"File details: originalName: undefined type: undefined","service":"book-service","timestamp":"2025-04-29T07:51:05.000Z"}
{"level":"info","message":"uploading to cloudinary starting...","service":"book-service","timestamp":"2025-04-29T07:51:05.000Z"}
{"level":"error","message":"Error while creating book Must supply api_key","service":"book-service","stack":"Error: Must supply api_key\n    at ensureOption (C:\\Users\\PMLS\\OneDrive\\Desktop\\harof-BE\\services\\book-service\\node_modules\\cloudinary\\lib\\utils\\ensureOption.js:19:13)\n    at Object.sign_request (C:\\Users\\PMLS\\OneDrive\\Desktop\\harof-BE\\services\\book-service\\node_modules\\cloudinary\\lib\\utils\\index.js:1164:16)\n    at Object.process_request_params (C:\\Users\\PMLS\\OneDrive\\Desktop\\harof-BE\\services\\book-service\\node_modules\\cloudinary\\lib\\utils\\index.js:1214:22)\n    at call_api (C:\\Users\\PMLS\\OneDrive\\Desktop\\harof-BE\\services\\book-service\\node_modules\\cloudinary\\lib\\uploader.js:474:18)\n    at Object.upload (C:\\Users\\PMLS\\OneDrive\\Desktop\\harof-BE\\services\\book-service\\node_modules\\cloudinary\\lib\\uploader.js:53:10)\n    at Object.upload_stream (C:\\Users\\PMLS\\OneDrive\\Desktop\\harof-BE\\services\\book-service\\node_modules\\cloudinary\\lib\\uploader.js:40:18)\n    at Object.upload_stream (C:\\Users\\PMLS\\OneDrive\\Desktop\\harof-BE\\services\\book-service\\node_modules\\cloudinary\\lib\\utils\\index.js:1411:21)\n    at file:///C:/Users/PMLS/OneDrive/Desktop/harof-BE/services/book-service/src/utils/cloudinary.js:13:46\n    at new Promise (<anonymous>)\n    at uploadonCloudinay (file:///C:/Users/PMLS/OneDrive/Desktop/harof-BE/services/book-service/src/utils/cloudinary.js:12:10)","timestamp":"2025-04-29T07:51:05.004Z"}
{"level":"info","message":"Book-service is running on port: 3002","service":"book-service","timestamp":"2025-04-29T07:52:00.973Z"}
{"level":"info","message":"DB connected successfully","service":"book-service","timestamp":"2025-04-29T07:52:02.983Z"}
{"level":"info","message":"Book-service is running on port: 3002","service":"book-service","timestamp":"2025-04-29T07:52:05.067Z"}
{"level":"info","message":"DB connected successfully","service":"book-service","timestamp":"2025-04-29T07:52:06.867Z"}
{"level":"info","message":"Book-service is running on port: 3002","service":"book-service","timestamp":"2025-04-29T07:52:09.196Z"}
{"level":"info","message":"DB connected successfully","service":"book-service","timestamp":"2025-04-29T07:52:11.091Z"}
{"level":"info","message":" Received POST request to /api/books/create-book ","service":"book-service","timestamp":"2025-04-29T07:52:11.723Z"}
{"level":"info","message":"Create Book endpoint is hitting...","service":"book-service","timestamp":"2025-04-29T07:52:11.734Z"}
{"level":"info","message":"File details: originalName: food_1.png type: undefined","service":"book-service","timestamp":"2025-04-29T07:52:11.747Z"}
{"level":"info","message":"uploading to cloudinary starting...","service":"book-service","timestamp":"2025-04-29T07:52:11.748Z"}
{"level":"error","message":"Error while creating book Must supply api_key","service":"book-service","stack":"Error: Must supply api_key\n    at ensureOption (C:\\Users\\PMLS\\OneDrive\\Desktop\\harof-BE\\services\\book-service\\node_modules\\cloudinary\\lib\\utils\\ensureOption.js:19:13)\n    at Object.sign_request (C:\\Users\\PMLS\\OneDrive\\Desktop\\harof-BE\\services\\book-service\\node_modules\\cloudinary\\lib\\utils\\index.js:1164:16)\n    at Object.process_request_params (C:\\Users\\PMLS\\OneDrive\\Desktop\\harof-BE\\services\\book-service\\node_modules\\cloudinary\\lib\\utils\\index.js:1214:22)\n    at call_api (C:\\Users\\PMLS\\OneDrive\\Desktop\\harof-BE\\services\\book-service\\node_modules\\cloudinary\\lib\\uploader.js:474:18)\n    at Object.upload (C:\\Users\\PMLS\\OneDrive\\Desktop\\harof-BE\\services\\book-service\\node_modules\\cloudinary\\lib\\uploader.js:53:10)\n    at Object.upload_stream (C:\\Users\\PMLS\\OneDrive\\Desktop\\harof-BE\\services\\book-service\\node_modules\\cloudinary\\lib\\uploader.js:40:18)\n    at Object.upload_stream (C:\\Users\\PMLS\\OneDrive\\Desktop\\harof-BE\\services\\book-service\\node_modules\\cloudinary\\lib\\utils\\index.js:1411:21)\n    at file:///C:/Users/PMLS/OneDrive/Desktop/harof-BE/services/book-service/src/utils/cloudinary.js:13:46\n    at new Promise (<anonymous>)\n    at uploadonCloudinay (file:///C:/Users/PMLS/OneDrive/Desktop/harof-BE/services/book-service/src/utils/cloudinary.js:12:10)","timestamp":"2025-04-29T07:52:11.753Z"}
{"level":"info","message":"Book-service is running on port: 3002","service":"book-service","timestamp":"2025-04-29T07:54:30.817Z"}
{"level":"info","message":"DB connected successfully","service":"book-service","timestamp":"2025-04-29T07:54:33.811Z"}
{"level":"info","message":" Received POST request to /api/books/create-book ","service":"book-service","timestamp":"2025-04-29T07:54:40.498Z"}
{"level":"info","message":"Create Book endpoint is hitting...","service":"book-service","timestamp":"2025-04-29T07:54:40.508Z"}
{"level":"info","message":"File details: originalName: food_1.png type: undefined","service":"book-service","timestamp":"2025-04-29T07:54:40.526Z"}
{"level":"info","message":"uploading to cloudinary starting...","service":"book-service","timestamp":"2025-04-29T07:54:40.527Z"}
{"level":"error","message":"Error while creating book Must supply api_key","service":"book-service","stack":"Error: Must supply api_key\n    at ensureOption (C:\\Users\\PMLS\\OneDrive\\Desktop\\harof-BE\\services\\book-service\\node_modules\\cloudinary\\lib\\utils\\ensureOption.js:19:13)\n    at Object.sign_request (C:\\Users\\PMLS\\OneDrive\\Desktop\\harof-BE\\services\\book-service\\node_modules\\cloudinary\\lib\\utils\\index.js:1164:16)\n    at Object.process_request_params (C:\\Users\\PMLS\\OneDrive\\Desktop\\harof-BE\\services\\book-service\\node_modules\\cloudinary\\lib\\utils\\index.js:1214:22)\n    at call_api (C:\\Users\\PMLS\\OneDrive\\Desktop\\harof-BE\\services\\book-service\\node_modules\\cloudinary\\lib\\uploader.js:474:18)\n    at Object.upload (C:\\Users\\PMLS\\OneDrive\\Desktop\\harof-BE\\services\\book-service\\node_modules\\cloudinary\\lib\\uploader.js:53:10)\n    at Object.upload_stream (C:\\Users\\PMLS\\OneDrive\\Desktop\\harof-BE\\services\\book-service\\node_modules\\cloudinary\\lib\\uploader.js:40:18)\n    at Object.upload_stream (C:\\Users\\PMLS\\OneDrive\\Desktop\\harof-BE\\services\\book-service\\node_modules\\cloudinary\\lib\\utils\\index.js:1411:21)\n    at file:///C:/Users/PMLS/OneDrive/Desktop/harof-BE/services/book-service/src/utils/cloudinary.js:13:46\n    at new Promise (<anonymous>)\n    at uploadonCloudinay (file:///C:/Users/PMLS/OneDrive/Desktop/harof-BE/services/book-service/src/utils/cloudinary.js:12:10)","timestamp":"2025-04-29T07:54:40.530Z"}
{"level":"info","message":"Book-service is running on port: 3002","service":"book-service","timestamp":"2025-04-29T07:56:33.012Z"}
{"level":"info","message":"DB connected successfully","service":"book-service","timestamp":"2025-04-29T07:56:35.486Z"}
{"level":"info","message":" Received POST request to /api/books/create-book ","service":"book-service","timestamp":"2025-04-29T07:56:48.491Z"}
{"level":"info","message":"Create Book endpoint is hitting...","service":"book-service","timestamp":"2025-04-29T07:56:48.501Z"}
{"level":"info","message":"File details: originalName: food_1.png type: undefined","service":"book-service","timestamp":"2025-04-29T07:56:48.522Z"}
{"level":"info","message":"uploading to cloudinary starting...","service":"book-service","timestamp":"2025-04-29T07:56:48.523Z"}
{"level":"error","message":"Error while creating book Must supply cloud_name","service":"book-service","stack":"Error: Must supply cloud_name\n    at ensureOption (C:\\Users\\PMLS\\OneDrive\\Desktop\\harof-BE\\services\\book-service\\node_modules\\cloudinary\\lib\\utils\\ensureOption.js:19:13)\n    at C:\\Users\\PMLS\\OneDrive\\Desktop\\harof-BE\\services\\book-service\\node_modules\\cloudinary\\lib\\utils\\index.js:1095:22\n    at Object.api_url (C:\\Users\\PMLS\\OneDrive\\Desktop\\harof-BE\\services\\book-service\\node_modules\\cloudinary\\lib\\utils\\index.js:1104:29)\n    at call_api (C:\\Users\\PMLS\\OneDrive\\Desktop\\harof-BE\\services\\book-service\\node_modules\\cloudinary\\lib\\uploader.js:476:23)\n    at Object.upload (C:\\Users\\PMLS\\OneDrive\\Desktop\\harof-BE\\services\\book-service\\node_modules\\cloudinary\\lib\\uploader.js:53:10)\n    at Object.upload_stream (C:\\Users\\PMLS\\OneDrive\\Desktop\\harof-BE\\services\\book-service\\node_modules\\cloudinary\\lib\\uploader.js:40:18)\n    at Object.upload_stream (C:\\Users\\PMLS\\OneDrive\\Desktop\\harof-BE\\services\\book-service\\node_modules\\cloudinary\\lib\\utils\\index.js:1411:21)\n    at file:///C:/Users/PMLS/OneDrive/Desktop/harof-BE/services/book-service/src/utils/cloudinary.js:13:46\n    at new Promise (<anonymous>)\n    at uploadonCloudinay (file:///C:/Users/PMLS/OneDrive/Desktop/harof-BE/services/book-service/src/utils/cloudinary.js:12:10)","timestamp":"2025-04-29T07:56:48.526Z"}
{"level":"info","message":"Book-service is running on port: 3002","service":"book-service","timestamp":"2025-04-29T07:57:38.677Z"}
{"level":"info","message":"DB connected successfully","service":"book-service","timestamp":"2025-04-29T07:57:40.488Z"}
{"level":"info","message":"Book-service is running on port: 3002","service":"book-service","timestamp":"2025-04-29T07:57:45.904Z"}
{"level":"info","message":"DB connected successfully","service":"book-service","timestamp":"2025-04-29T07:57:47.391Z"}
{"level":"info","message":"Book-service is running on port: 3002","service":"book-service","timestamp":"2025-04-29T07:57:53.036Z"}
{"level":"info","message":"DB connected successfully","service":"book-service","timestamp":"2025-04-29T07:57:57.075Z"}
{"level":"info","message":"Book-service is running on port: 3002","service":"book-service","timestamp":"2025-04-29T07:57:57.937Z"}
{"level":"info","message":"DB connected successfully","service":"book-service","timestamp":"2025-04-29T07:57:59.050Z"}
{"level":"info","message":"Book-service is running on port: 3002","service":"book-service","timestamp":"2025-04-29T07:58:00.066Z"}
{"level":"info","message":"DB connected successfully","service":"book-service","timestamp":"2025-04-29T07:58:01.238Z"}
{"level":"info","message":"Book-service is running on port: 3002","service":"book-service","timestamp":"2025-04-29T07:59:21.246Z"}
{"level":"info","message":"DB connected successfully","service":"book-service","timestamp":"2025-04-29T07:59:23.609Z"}
{"level":"info","message":" Received POST request to /api/books/create-book ","service":"book-service","timestamp":"2025-04-29T07:59:25.232Z"}
{"level":"info","message":"Create Book endpoint is hitting...","service":"book-service","timestamp":"2025-04-29T07:59:25.242Z"}
{"level":"info","message":"File details: originalName: food_1.png type: undefined","service":"book-service","timestamp":"2025-04-29T07:59:25.258Z"}
{"level":"info","message":"uploading to cloudinary starting...","service":"book-service","timestamp":"2025-04-29T07:59:25.258Z"}
{"level":"info","message":"cloudinary upload successfully. public ID: jugdxxrl4hjvehemkkbq","service":"book-service","timestamp":"2025-04-29T07:59:28.057Z"}
{"level":"error","message":"Error while creating book user is not defined","service":"book-service","stack":"ReferenceError: user is not defined\n    at createBook (file:///C:/Users/PMLS/OneDrive/Desktop/harof-BE/services/book-service/src/controllers/bookController.js:44:22)\n    at process.processTicksAndRejections (node:internal/process/task_queues:95:5)","timestamp":"2025-04-29T07:59:28.115Z"}
{"level":"info","message":"Book-service is running on port: 3002","service":"book-service","timestamp":"2025-04-29T08:00:45.014Z"}
{"level":"info","message":"DB connected successfully","service":"book-service","timestamp":"2025-04-29T08:00:47.173Z"}
{"level":"info","message":"Book-service is running on port: 3002","service":"book-service","timestamp":"2025-04-29T08:01:24.727Z"}
{"level":"info","message":"DB connected successfully","service":"book-service","timestamp":"2025-04-29T08:01:26.485Z"}
{"level":"info","message":" Received POST request to /api/books/create-book ","service":"book-service","timestamp":"2025-04-29T08:01:32.159Z"}
{"level":"info","message":"Create Book endpoint is hitting...","service":"book-service","timestamp":"2025-04-29T08:01:32.165Z"}
{"level":"info","message":"File details: originalName: food_1.png type: undefined","service":"book-service","timestamp":"2025-04-29T08:01:32.182Z"}
{"level":"info","message":"uploading to cloudinary starting...","service":"book-service","timestamp":"2025-04-29T08:01:32.183Z"}
{"level":"info","message":"cloudinary upload successfully. public ID: dyak0isthc4bfqfw87yd","service":"book-service","timestamp":"2025-04-29T08:01:35.824Z"}
{"level":"error","message":"Error while creating book user is not defined","service":"book-service","stack":"ReferenceError: user is not defined\n    at createBook (file:///C:/Users/PMLS/OneDrive/Desktop/harof-BE/services/book-service/src/controllers/bookController.js:44:22)\n    at process.processTicksAndRejections (node:internal/process/task_queues:95:5)","timestamp":"2025-04-29T08:01:35.861Z"}
{"level":"info","message":"Book-service is running on port: 3002","service":"book-service","timestamp":"2025-04-29T08:02:52.797Z"}
{"level":"info","message":"DB connected successfully","service":"book-service","timestamp":"2025-04-29T08:02:54.859Z"}
{"level":"info","message":"Book-service is running on port: 3002","service":"book-service","timestamp":"2025-04-29T08:02:57.375Z"}
{"level":"info","message":"DB connected successfully","service":"book-service","timestamp":"2025-04-29T08:02:59.181Z"}
{"level":"info","message":" Received POST request to /api/books/create-book ","service":"book-service","timestamp":"2025-04-29T08:02:59.450Z"}
{"level":"info","message":"Create Book endpoint is hitting...","service":"book-service","timestamp":"2025-04-29T08:02:59.457Z"}
{"level":"info","message":"File details: originalName: food_1.png type: undefined","service":"book-service","timestamp":"2025-04-29T08:02:59.471Z"}
{"level":"info","message":"uploading to cloudinary starting...","service":"book-service","timestamp":"2025-04-29T08:02:59.471Z"}
{"level":"info","message":"cloudinary upload successfully. public ID: stpsk1bbkrphkce7dufn","service":"book-service","timestamp":"2025-04-29T08:03:02.417Z"}
{"level":"error","message":"Error while creating book user is not defined","service":"book-service","stack":"ReferenceError: user is not defined\n    at createBook (file:///C:/Users/PMLS/OneDrive/Desktop/harof-BE/services/book-service/src/controllers/bookController.js:44:22)\n    at process.processTicksAndRejections (node:internal/process/task_queues:95:5)","timestamp":"2025-04-29T08:03:02.419Z"}
{"level":"info","message":"Book-service is running on port: 3002","service":"book-service","timestamp":"2025-04-29T08:05:05.976Z"}
{"level":"info","message":"Book-service is running on port: 3002","service":"book-service","timestamp":"2025-04-29T08:05:08.485Z"}
{"level":"info","message":"DB connected successfully","service":"book-service","timestamp":"2025-04-29T08:05:09.735Z"}
{"level":"info","message":" Received POST request to /api/books/create-book ","service":"book-service","timestamp":"2025-04-29T08:05:39.168Z"}
{"level":"info","message":"Create Book endpoint is hitting...","service":"book-service","timestamp":"2025-04-29T08:05:39.177Z"}
{"level":"info","message":"File details: originalName: food_1.png type: undefined","service":"book-service","timestamp":"2025-04-29T08:05:39.192Z"}
{"level":"info","message":"uploading to cloudinary starting...","service":"book-service","timestamp":"2025-04-29T08:05:39.193Z"}
{"level":"info","message":"cloudinary upload successfully. public ID: hduqnvducgbl3wokffaw","service":"book-service","timestamp":"2025-04-29T08:05:41.767Z"}
{"bookId":"68108855373ba317184a568a","level":"info","message":"Book created successfully","service":"book-service","timestamp":"2025-04-29T08:05:41.973Z"}
{"level":"info","message":"Book-service is running on port: 3002","service":"book-service","timestamp":"2025-04-29T08:09:18.036Z"}
{"level":"info","message":"DB connected successfully","service":"book-service","timestamp":"2025-04-29T08:09:20.204Z"}
